2019/03/14 09:18:35 [error] [exception.CHttpException.404] CHttpException: Unable to resolve the request "view/index". in /opt/lampp/htdocs/yii/framework/web/CWebApplication.php:286
Stack trace:
#0 /opt/lampp/htdocs/yii/framework/web/CWebApplication.php(141): CWebApplication->runController('view/index')
#1 /opt/lampp/htdocs/yii/framework/base/CApplication.php(185): CWebApplication->processRequest()
#2 /opt/lampp/htdocs/K24/index.php(13): CApplication->run()
#3 {main}
REQUEST_URI=/K24/index.php?r=view/index
---
2019/03/14 09:30:40 [error] [exception.CHttpException.404] CHttpException: The requested view "Demo 404 page" was not found. in /opt/lampp/htdocs/yii/framework/web/actions/CViewAction.php:112
Stack trace:
#0 /opt/lampp/htdocs/yii/framework/web/actions/CViewAction.php(123): CViewAction->resolveView('Demo 404 page')
#1 /opt/lampp/htdocs/yii/framework/web/actions/CAction.php(76): CViewAction->run()
#2 /opt/lampp/htdocs/yii/framework/web/CController.php(308): CAction->runWithParams(Array)
#3 /opt/lampp/htdocs/yii/framework/web/CController.php(286): CController->runAction(Object(CViewAction))
#4 /opt/lampp/htdocs/yii/framework/web/CController.php(265): CController->runActionWithFilters(Object(CViewAction), Array)
#5 /opt/lampp/htdocs/yii/framework/web/CWebApplication.php(282): CController->run('page')
#6 /opt/lampp/htdocs/yii/framework/web/CWebApplication.php(141): CWebApplication->runController('site/page')
#7 /opt/lampp/htdocs/yii/framework/base/CApplication.php(185): CWebApplication->processRequest()
#8 /opt/lampp/htdocs/K24/index.php(13): CApplication->run()
#9 {main}
REQUEST_URI=/K24/index.php?r=site/page&view=Demo+404+page
HTTP_REFERER=http://localhost/K24/index.php?r=site/page&view=buttons_and_icons
---
2019/03/14 09:32:31 [error] [exception.CHttpException.404] CHttpException: The requested view "buttons_and_icons" was not found. in /opt/lampp/htdocs/yii/framework/web/actions/CViewAction.php:112
Stack trace:
#0 /opt/lampp/htdocs/yii/framework/web/actions/CViewAction.php(123): CViewAction->resolveView('buttons_and_ico...')
#1 /opt/lampp/htdocs/yii/framework/web/actions/CAction.php(76): CViewAction->run()
#2 /opt/lampp/htdocs/yii/framework/web/CController.php(308): CAction->runWithParams(Array)
#3 /opt/lampp/htdocs/yii/framework/web/CController.php(286): CController->runAction(Object(CViewAction))
#4 /opt/lampp/htdocs/yii/framework/web/CController.php(265): CController->runActionWithFilters(Object(CViewAction), Array)
#5 /opt/lampp/htdocs/yii/framework/web/CWebApplication.php(282): CController->run('page')
#6 /opt/lampp/htdocs/yii/framework/web/CWebApplication.php(141): CWebApplication->runController('site/page')
#7 /opt/lampp/htdocs/yii/framework/base/CApplication.php(185): CWebApplication->processRequest()
#8 /opt/lampp/htdocs/K24/index.php(13): CApplication->run()
#9 {main}
REQUEST_URI=/K24/index.php?r=site/page&view=buttons_and_icons
HTTP_REFERER=http://localhost/K24/index.php?r=site/page&view=interface
---
2019/03/14 09:42:17 [error] [exception.CException] CException: Alias "application.extensions.fullcalendar.FullcalendarGraphWidget" is invalid. Make sure it points to an existing PHP file and the file is readable. in /opt/lampp/htdocs/yii/framework/YiiBase.php:330
Stack trace:
#0 /opt/lampp/htdocs/yii/framework/web/CWidgetFactory.php(146): YiiBase::import('application.ext...', true)
#1 /opt/lampp/htdocs/yii/framework/web/CBaseController.php(146): CWidgetFactory->createWidget(Object(SiteController), 'application.ext...', Array)
#2 /opt/lampp/htdocs/yii/framework/web/CBaseController.php(181): CBaseController->createWidget('application.ext...', Array)
#3 /opt/lampp/htdocs/K24/themes/shadow_dancer/views/site/pages/about.php(13): CBaseController->widget('application.ext...', Array)
#4 /opt/lampp/htdocs/yii/framework/web/CBaseController.php(126): require('/opt/lampp/htdo...')
#5 /opt/lampp/htdocs/yii/framework/web/CBaseController.php(95): CBaseController->renderInternal('/opt/lampp/htdo...', NULL, true)
#6 /opt/lampp/htdocs/yii/framework/web/CController.php(872): CBaseController->renderFile('/opt/lampp/htdo...', NULL, true)
#7 /opt/lampp/htdocs/yii/framework/web/CController.php(785): CController->renderPartial('pages/about', NULL, true)
#8 /opt/lampp/htdocs/yii/framework/web/actions/CViewAction.php(140): CController->render('pages/about')
#9 /opt/lampp/htdocs/yii/framework/web/actions/CAction.php(76): CViewAction->run()
#10 /opt/lampp/htdocs/yii/framework/web/CController.php(308): CAction->runWithParams(Array)
#11 /opt/lampp/htdocs/yii/framework/web/CController.php(286): CController->runAction(Object(CViewAction))
#12 /opt/lampp/htdocs/yii/framework/web/CController.php(265): CController->runActionWithFilters(Object(CViewAction), Array)
#13 /opt/lampp/htdocs/yii/framework/web/CWebApplication.php(282): CController->run('page')
#14 /opt/lampp/htdocs/yii/framework/web/CWebApplication.php(141): CWebApplication->runController('site/page')
#15 /opt/lampp/htdocs/yii/framework/base/CApplication.php(185): CWebApplication->processRequest()
#16 /opt/lampp/htdocs/K24/index.php(13): CApplication->run()
#17 {main}
REQUEST_URI=/K24/index.php?r=site/page&view=about
HTTP_REFERER=http://localhost/K24/index.php?r=site/index
---
2019/03/14 09:42:42 [error] [exception.CException] CException: Alias "application.extensions.fullcalendar.FullcalendarGraphWidget" is invalid. Make sure it points to an existing PHP file and the file is readable. in /opt/lampp/htdocs/yii/framework/YiiBase.php:330
Stack trace:
#0 /opt/lampp/htdocs/yii/framework/web/CWidgetFactory.php(146): YiiBase::import('application.ext...', true)
#1 /opt/lampp/htdocs/yii/framework/web/CBaseController.php(146): CWidgetFactory->createWidget(Object(SiteController), 'application.ext...', Array)
#2 /opt/lampp/htdocs/yii/framework/web/CBaseController.php(181): CBaseController->createWidget('application.ext...', Array)
#3 /opt/lampp/htdocs/K24/themes/shadow_dancer/views/site/pages/about.php(13): CBaseController->widget('application.ext...', Array)
#4 /opt/lampp/htdocs/yii/framework/web/CBaseController.php(126): require('/opt/lampp/htdo...')
#5 /opt/lampp/htdocs/yii/framework/web/CBaseController.php(95): CBaseController->renderInternal('/opt/lampp/htdo...', NULL, true)
#6 /opt/lampp/htdocs/yii/framework/web/CController.php(872): CBaseController->renderFile('/opt/lampp/htdo...', NULL, true)
#7 /opt/lampp/htdocs/yii/framework/web/CController.php(785): CController->renderPartial('pages/about', NULL, true)
#8 /opt/lampp/htdocs/yii/framework/web/actions/CViewAction.php(140): CController->render('pages/about')
#9 /opt/lampp/htdocs/yii/framework/web/actions/CAction.php(76): CViewAction->run()
#10 /opt/lampp/htdocs/yii/framework/web/CController.php(308): CAction->runWithParams(Array)
#11 /opt/lampp/htdocs/yii/framework/web/CController.php(286): CController->runAction(Object(CViewAction))
#12 /opt/lampp/htdocs/yii/framework/web/CController.php(265): CController->runActionWithFilters(Object(CViewAction), Array)
#13 /opt/lampp/htdocs/yii/framework/web/CWebApplication.php(282): CController->run('page')
#14 /opt/lampp/htdocs/yii/framework/web/CWebApplication.php(141): CWebApplication->runController('site/page')
#15 /opt/lampp/htdocs/yii/framework/base/CApplication.php(185): CWebApplication->processRequest()
#16 /opt/lampp/htdocs/K24/index.php(13): CApplication->run()
#17 {main}
REQUEST_URI=/K24/index.php?r=site/page&view=about
HTTP_REFERER=http://localhost/K24/index.php?r=site/contact
---
2019/03/14 09:51:11 [error] [exception.ParseError] ParseError: syntax error, unexpected ')' in /opt/lampp/htdocs/K24/themes/shadow_dancer/views/layouts/main.php:72
Stack trace:
#0 /opt/lampp/htdocs/yii/framework/web/CBaseController.php(95): CBaseController->renderInternal('/opt/lampp/htdo...', Array, true)
#1 /opt/lampp/htdocs/yii/framework/web/widgets/CContentDecorator.php(76): CBaseController->renderFile('/opt/lampp/htdo...', Array, true)
#2 /opt/lampp/htdocs/yii/framework/web/widgets/CContentDecorator.php(54): CContentDecorator->decorate('<div class="con...')
#3 /opt/lampp/htdocs/yii/framework/web/widgets/COutputProcessor.php(44): CContentDecorator->processOutput('<div class="con...')
#4 /opt/lampp/htdocs/yii/framework/web/CBaseController.php(215): COutputProcessor->run()
#5 /opt/lampp/htdocs/yii/framework/web/CBaseController.php(309): CBaseController->endWidget('CContentDecorat...')
#6 /opt/lampp/htdocs/K24/themes/shadow_dancer/views/layouts/column1.php(7): CBaseController->endContent()
#7 /opt/lampp/htdocs/yii/framework/web/CBaseController.php(126): require('/opt/lampp/htdo...')
#8 /opt/lampp/htdocs/yii/framework/web/CBaseController.php(95): CBaseController->renderInternal('/opt/lampp/htdo...', Array, true)
#9 /opt/lampp/htdocs/yii/framework/web/CController.php(787): CBaseController->renderFile('/opt/lampp/htdo...', Array, true)
#10 /opt/lampp/htdocs/K24/protected/controllers/SiteController.php(98): CController->render('login', Array)
#11 /opt/lampp/htdocs/yii/framework/web/actions/CInlineAction.php(49): SiteController->actionLogin()
#12 /opt/lampp/htdocs/yii/framework/web/CController.php(308): CInlineAction->runWithParams(Array)
#13 /opt/lampp/htdocs/yii/framework/web/CController.php(286): CController->runAction(Object(CInlineAction))
#14 /opt/lampp/htdocs/yii/framework/web/CController.php(265): CController->runActionWithFilters(Object(CInlineAction), Array)
#15 /opt/lampp/htdocs/yii/framework/web/CWebApplication.php(282): CController->run('login')
#16 /opt/lampp/htdocs/yii/framework/web/CWebApplication.php(141): CWebApplication->runController('site/login')
#17 /opt/lampp/htdocs/yii/framework/base/CApplication.php(185): CWebApplication->processRequest()
#18 /opt/lampp/htdocs/K24/index.php(13): CApplication->run()
#19 {main}
REQUEST_URI=/K24/index.php?r=site/login
HTTP_REFERER=http://localhost/K24/index.php?r=site/login
---
2019/03/14 13:03:27 [error] [exception.CDbException] CDbException: Table "user" does not have a column named "username". in /opt/lampp/htdocs/yii/framework/db/schema/CDbCommandBuilder.php:697
Stack trace:
#0 /opt/lampp/htdocs/yii/framework/db/ar/CActiveRecord.php(1526): CDbCommandBuilder->createColumnCriteria(Object(CMysqlTableSchema), Array, '', Array, '`t`.')
#1 /opt/lampp/htdocs/K24/protected/components/UserIdentity.php(32): CActiveRecord->findByAttributes(Array)
#2 /opt/lampp/htdocs/K24/protected/models/LoginForm.php(54): UserIdentity->authenticate()
#3 /opt/lampp/htdocs/yii/framework/validators/CInlineValidator.php(42): LoginForm->authenticate('password', Array)
#4 /opt/lampp/htdocs/yii/framework/validators/CValidator.php(201): CInlineValidator->validateAttribute(Object(LoginForm), 'password')
#5 /opt/lampp/htdocs/yii/framework/base/CModel.php(159): CValidator->validate(Object(LoginForm), Array)
#6 /opt/lampp/htdocs/K24/protected/controllers/SiteController.php(94): CModel->validate()
#7 /opt/lampp/htdocs/yii/framework/web/actions/CInlineAction.php(49): SiteController->actionLogin()
#8 /opt/lampp/htdocs/yii/framework/web/CController.php(308): CInlineAction->runWithParams(Array)
#9 /opt/lampp/htdocs/yii/framework/web/CController.php(286): CController->runAction(Object(CInlineAction))
#10 /opt/lampp/htdocs/yii/framework/web/CController.php(265): CController->runActionWithFilters(Object(CInlineAction), Array)
#11 /opt/lampp/htdocs/yii/framework/web/CWebApplication.php(282): CController->run('login')
#12 /opt/lampp/htdocs/yii/framework/web/CWebApplication.php(141): CWebApplication->runController('site/login')
#13 /opt/lampp/htdocs/yii/framework/base/CApplication.php(185): CWebApplication->processRequest()
#14 /opt/lampp/htdocs/K24/index.php(13): CApplication->run()
#15 {main}
REQUEST_URI=/K24/index.php?r=site/login
HTTP_REFERER=http://localhost/K24/index.php?r=site/login
---
2019/03/14 13:04:03 [error] [exception.CException] CException: Property "User.password" is not defined. in /opt/lampp/htdocs/yii/framework/base/CComponent.php:130
Stack trace:
#0 /opt/lampp/htdocs/yii/framework/db/ar/CActiveRecord.php(145): CComponent->__get('password')
#1 /opt/lampp/htdocs/K24/protected/components/UserIdentity.php(35): CActiveRecord->__get('password')
#2 /opt/lampp/htdocs/K24/protected/models/LoginForm.php(54): UserIdentity->authenticate()
#3 /opt/lampp/htdocs/yii/framework/validators/CInlineValidator.php(42): LoginForm->authenticate('password', Array)
#4 /opt/lampp/htdocs/yii/framework/validators/CValidator.php(201): CInlineValidator->validateAttribute(Object(LoginForm), 'password')
#5 /opt/lampp/htdocs/yii/framework/base/CModel.php(159): CValidator->validate(Object(LoginForm), Array)
#6 /opt/lampp/htdocs/K24/protected/controllers/SiteController.php(94): CModel->validate()
#7 /opt/lampp/htdocs/yii/framework/web/actions/CInlineAction.php(49): SiteController->actionLogin()
#8 /opt/lampp/htdocs/yii/framework/web/CController.php(308): CInlineAction->runWithParams(Array)
#9 /opt/lampp/htdocs/yii/framework/web/CController.php(286): CController->runAction(Object(CInlineAction))
#10 /opt/lampp/htdocs/yii/framework/web/CController.php(265): CController->runActionWithFilters(Object(CInlineAction), Array)
#11 /opt/lampp/htdocs/yii/framework/web/CWebApplication.php(282): CController->run('login')
#12 /opt/lampp/htdocs/yii/framework/web/CWebApplication.php(141): CWebApplication->runController('site/login')
#13 /opt/lampp/htdocs/yii/framework/base/CApplication.php(185): CWebApplication->processRequest()
#14 /opt/lampp/htdocs/K24/index.php(13): CApplication->run()
#15 {main}
REQUEST_URI=/K24/index.php?r=site/login
HTTP_REFERER=http://localhost/K24/index.php?r=site/login
---
2019/03/14 13:05:02 [error] [exception.CException] CException: Property "UserIdentity.nama_user" is not defined. in /opt/lampp/htdocs/yii/framework/base/CComponent.php:130
Stack trace:
#0 /opt/lampp/htdocs/K24/protected/components/UserIdentity.php(32): CComponent->__get('nama_user')
#1 /opt/lampp/htdocs/K24/protected/models/LoginForm.php(54): UserIdentity->authenticate()
#2 /opt/lampp/htdocs/yii/framework/validators/CInlineValidator.php(42): LoginForm->authenticate('password', Array)
#3 /opt/lampp/htdocs/yii/framework/validators/CValidator.php(201): CInlineValidator->validateAttribute(Object(LoginForm), 'password')
#4 /opt/lampp/htdocs/yii/framework/base/CModel.php(159): CValidator->validate(Object(LoginForm), Array)
#5 /opt/lampp/htdocs/K24/protected/controllers/SiteController.php(94): CModel->validate()
#6 /opt/lampp/htdocs/yii/framework/web/actions/CInlineAction.php(49): SiteController->actionLogin()
#7 /opt/lampp/htdocs/yii/framework/web/CController.php(308): CInlineAction->runWithParams(Array)
#8 /opt/lampp/htdocs/yii/framework/web/CController.php(286): CController->runAction(Object(CInlineAction))
#9 /opt/lampp/htdocs/yii/framework/web/CController.php(265): CController->runActionWithFilters(Object(CInlineAction), Array)
#10 /opt/lampp/htdocs/yii/framework/web/CWebApplication.php(282): CController->run('login')
#11 /opt/lampp/htdocs/yii/framework/web/CWebApplication.php(141): CWebApplication->runController('site/login')
#12 /opt/lampp/htdocs/yii/framework/base/CApplication.php(185): CWebApplication->processRequest()
#13 /opt/lampp/htdocs/K24/index.php(13): CApplication->run()
#14 {main}
REQUEST_URI=/K24/index.php?r=site/login
HTTP_REFERER=http://localhost/K24/index.php?r=site/login
---
2019/03/14 13:05:14 [error] [exception.CException] CException: Property "UserIdentity.password_user" is not defined. in /opt/lampp/htdocs/yii/framework/base/CComponent.php:130
Stack trace:
#0 /opt/lampp/htdocs/K24/protected/components/UserIdentity.php(35): CComponent->__get('password_user')
#1 /opt/lampp/htdocs/K24/protected/models/LoginForm.php(54): UserIdentity->authenticate()
#2 /opt/lampp/htdocs/yii/framework/validators/CInlineValidator.php(42): LoginForm->authenticate('password', Array)
#3 /opt/lampp/htdocs/yii/framework/validators/CValidator.php(201): CInlineValidator->validateAttribute(Object(LoginForm), 'password')
#4 /opt/lampp/htdocs/yii/framework/base/CModel.php(159): CValidator->validate(Object(LoginForm), Array)
#5 /opt/lampp/htdocs/K24/protected/controllers/SiteController.php(94): CModel->validate()
#6 /opt/lampp/htdocs/yii/framework/web/actions/CInlineAction.php(49): SiteController->actionLogin()
#7 /opt/lampp/htdocs/yii/framework/web/CController.php(308): CInlineAction->runWithParams(Array)
#8 /opt/lampp/htdocs/yii/framework/web/CController.php(286): CController->runAction(Object(CInlineAction))
#9 /opt/lampp/htdocs/yii/framework/web/CController.php(265): CController->runActionWithFilters(Object(CInlineAction), Array)
#10 /opt/lampp/htdocs/yii/framework/web/CWebApplication.php(282): CController->run('login')
#11 /opt/lampp/htdocs/yii/framework/web/CWebApplication.php(141): CWebApplication->runController('site/login')
#12 /opt/lampp/htdocs/yii/framework/base/CApplication.php(185): CWebApplication->processRequest()
#13 /opt/lampp/htdocs/K24/index.php(13): CApplication->run()
#14 {main}
REQUEST_URI=/K24/index.php?r=site/login
HTTP_REFERER=http://localhost/K24/index.php?r=site/login
---
2019/03/14 13:05:28 [error] [exception.CException] CException: Property "User.password" is not defined. in /opt/lampp/htdocs/yii/framework/base/CComponent.php:130
Stack trace:
#0 /opt/lampp/htdocs/yii/framework/db/ar/CActiveRecord.php(145): CComponent->__get('password')
#1 /opt/lampp/htdocs/K24/protected/components/UserIdentity.php(35): CActiveRecord->__get('password')
#2 /opt/lampp/htdocs/K24/protected/models/LoginForm.php(54): UserIdentity->authenticate()
#3 /opt/lampp/htdocs/yii/framework/validators/CInlineValidator.php(42): LoginForm->authenticate('password', Array)
#4 /opt/lampp/htdocs/yii/framework/validators/CValidator.php(201): CInlineValidator->validateAttribute(Object(LoginForm), 'password')
#5 /opt/lampp/htdocs/yii/framework/base/CModel.php(159): CValidator->validate(Object(LoginForm), Array)
#6 /opt/lampp/htdocs/K24/protected/controllers/SiteController.php(94): CModel->validate()
#7 /opt/lampp/htdocs/yii/framework/web/actions/CInlineAction.php(49): SiteController->actionLogin()
#8 /opt/lampp/htdocs/yii/framework/web/CController.php(308): CInlineAction->runWithParams(Array)
#9 /opt/lampp/htdocs/yii/framework/web/CController.php(286): CController->runAction(Object(CInlineAction))
#10 /opt/lampp/htdocs/yii/framework/web/CController.php(265): CController->runActionWithFilters(Object(CInlineAction), Array)
#11 /opt/lampp/htdocs/yii/framework/web/CWebApplication.php(282): CController->run('login')
#12 /opt/lampp/htdocs/yii/framework/web/CWebApplication.php(141): CWebApplication->runController('site/login')
#13 /opt/lampp/htdocs/yii/framework/base/CApplication.php(185): CWebApplication->processRequest()
#14 /opt/lampp/htdocs/K24/index.php(13): CApplication->run()
#15 {main}
REQUEST_URI=/K24/index.php?r=site/login
HTTP_REFERER=http://localhost/K24/index.php?r=site/login
---
2019/03/14 13:06:50 [error] [exception.CException] CException: Property "User.password" is not defined. in /opt/lampp/htdocs/yii/framework/base/CComponent.php:130
Stack trace:
#0 /opt/lampp/htdocs/yii/framework/db/ar/CActiveRecord.php(145): CComponent->__get('password')
#1 /opt/lampp/htdocs/K24/protected/components/UserIdentity.php(35): CActiveRecord->__get('password')
#2 /opt/lampp/htdocs/K24/protected/models/LoginForm.php(54): UserIdentity->authenticate()
#3 /opt/lampp/htdocs/yii/framework/validators/CInlineValidator.php(42): LoginForm->authenticate('password', Array)
#4 /opt/lampp/htdocs/yii/framework/validators/CValidator.php(201): CInlineValidator->validateAttribute(Object(LoginForm), 'password')
#5 /opt/lampp/htdocs/yii/framework/base/CModel.php(159): CValidator->validate(Object(LoginForm), Array)
#6 /opt/lampp/htdocs/K24/protected/controllers/SiteController.php(94): CModel->validate()
#7 /opt/lampp/htdocs/yii/framework/web/actions/CInlineAction.php(49): SiteController->actionLogin()
#8 /opt/lampp/htdocs/yii/framework/web/CController.php(308): CInlineAction->runWithParams(Array)
#9 /opt/lampp/htdocs/yii/framework/web/CController.php(286): CController->runAction(Object(CInlineAction))
#10 /opt/lampp/htdocs/yii/framework/web/CController.php(265): CController->runActionWithFilters(Object(CInlineAction), Array)
#11 /opt/lampp/htdocs/yii/framework/web/CWebApplication.php(282): CController->run('login')
#12 /opt/lampp/htdocs/yii/framework/web/CWebApplication.php(141): CWebApplication->runController('site/login')
#13 /opt/lampp/htdocs/yii/framework/base/CApplication.php(185): CWebApplication->processRequest()
#14 /opt/lampp/htdocs/K24/index.php(13): CApplication->run()
#15 {main}
REQUEST_URI=/K24/index.php?r=site/login
HTTP_REFERER=http://localhost/K24/index.php?r=site/login
---
2019/03/14 13:06:59 [error] [exception.CException] CException: Property "User.password" is not defined. in /opt/lampp/htdocs/yii/framework/base/CComponent.php:130
Stack trace:
#0 /opt/lampp/htdocs/yii/framework/db/ar/CActiveRecord.php(145): CComponent->__get('password')
#1 /opt/lampp/htdocs/K24/protected/components/UserIdentity.php(35): CActiveRecord->__get('password')
#2 /opt/lampp/htdocs/K24/protected/models/LoginForm.php(54): UserIdentity->authenticate()
#3 /opt/lampp/htdocs/yii/framework/validators/CInlineValidator.php(42): LoginForm->authenticate('password', Array)
#4 /opt/lampp/htdocs/yii/framework/validators/CValidator.php(201): CInlineValidator->validateAttribute(Object(LoginForm), 'password')
#5 /opt/lampp/htdocs/yii/framework/base/CModel.php(159): CValidator->validate(Object(LoginForm), Array)
#6 /opt/lampp/htdocs/K24/protected/controllers/SiteController.php(94): CModel->validate()
#7 /opt/lampp/htdocs/yii/framework/web/actions/CInlineAction.php(49): SiteController->actionLogin()
#8 /opt/lampp/htdocs/yii/framework/web/CController.php(308): CInlineAction->runWithParams(Array)
#9 /opt/lampp/htdocs/yii/framework/web/CController.php(286): CController->runAction(Object(CInlineAction))
#10 /opt/lampp/htdocs/yii/framework/web/CController.php(265): CController->runActionWithFilters(Object(CInlineAction), Array)
#11 /opt/lampp/htdocs/yii/framework/web/CWebApplication.php(282): CController->run('login')
#12 /opt/lampp/htdocs/yii/framework/web/CWebApplication.php(141): CWebApplication->runController('site/login')
#13 /opt/lampp/htdocs/yii/framework/base/CApplication.php(185): CWebApplication->processRequest()
#14 /opt/lampp/htdocs/K24/index.php(13): CApplication->run()
#15 {main}
REQUEST_URI=/K24/index.php?r=site/login
HTTP_REFERER=http://localhost/K24/index.php?r=site/login
---
2019/03/14 13:07:01 [error] [exception.CException] CException: Property "User.password" is not defined. in /opt/lampp/htdocs/yii/framework/base/CComponent.php:130
Stack trace:
#0 /opt/lampp/htdocs/yii/framework/db/ar/CActiveRecord.php(145): CComponent->__get('password')
#1 /opt/lampp/htdocs/K24/protected/components/UserIdentity.php(35): CActiveRecord->__get('password')
#2 /opt/lampp/htdocs/K24/protected/models/LoginForm.php(54): UserIdentity->authenticate()
#3 /opt/lampp/htdocs/yii/framework/validators/CInlineValidator.php(42): LoginForm->authenticate('password', Array)
#4 /opt/lampp/htdocs/yii/framework/validators/CValidator.php(201): CInlineValidator->validateAttribute(Object(LoginForm), 'password')
#5 /opt/lampp/htdocs/yii/framework/base/CModel.php(159): CValidator->validate(Object(LoginForm), Array)
#6 /opt/lampp/htdocs/K24/protected/controllers/SiteController.php(94): CModel->validate()
#7 /opt/lampp/htdocs/yii/framework/web/actions/CInlineAction.php(49): SiteController->actionLogin()
#8 /opt/lampp/htdocs/yii/framework/web/CController.php(308): CInlineAction->runWithParams(Array)
#9 /opt/lampp/htdocs/yii/framework/web/CController.php(286): CController->runAction(Object(CInlineAction))
#10 /opt/lampp/htdocs/yii/framework/web/CController.php(265): CController->runActionWithFilters(Object(CInlineAction), Array)
#11 /opt/lampp/htdocs/yii/framework/web/CWebApplication.php(282): CController->run('login')
#12 /opt/lampp/htdocs/yii/framework/web/CWebApplication.php(141): CWebApplication->runController('site/login')
#13 /opt/lampp/htdocs/yii/framework/base/CApplication.php(185): CWebApplication->processRequest()
#14 /opt/lampp/htdocs/K24/index.php(13): CApplication->run()
#15 {main}
REQUEST_URI=/K24/index.php?r=site/login
HTTP_REFERER=http://localhost/K24/index.php?r=site/login
---
2019/03/14 13:07:06 [error] [exception.CException] CException: Property "User.id" is not defined. in /opt/lampp/htdocs/yii/framework/base/CComponent.php:130
Stack trace:
#0 /opt/lampp/htdocs/yii/framework/db/ar/CActiveRecord.php(145): CComponent->__get('id')
#1 /opt/lampp/htdocs/K24/protected/components/UserIdentity.php(39): CActiveRecord->__get('id')
#2 /opt/lampp/htdocs/K24/protected/models/LoginForm.php(54): UserIdentity->authenticate()
#3 /opt/lampp/htdocs/yii/framework/validators/CInlineValidator.php(42): LoginForm->authenticate('password', Array)
#4 /opt/lampp/htdocs/yii/framework/validators/CValidator.php(201): CInlineValidator->validateAttribute(Object(LoginForm), 'password')
#5 /opt/lampp/htdocs/yii/framework/base/CModel.php(159): CValidator->validate(Object(LoginForm), Array)
#6 /opt/lampp/htdocs/K24/protected/controllers/SiteController.php(94): CModel->validate()
#7 /opt/lampp/htdocs/yii/framework/web/actions/CInlineAction.php(49): SiteController->actionLogin()
#8 /opt/lampp/htdocs/yii/framework/web/CController.php(308): CInlineAction->runWithParams(Array)
#9 /opt/lampp/htdocs/yii/framework/web/CController.php(286): CController->runAction(Object(CInlineAction))
#10 /opt/lampp/htdocs/yii/framework/web/CController.php(265): CController->runActionWithFilters(Object(CInlineAction), Array)
#11 /opt/lampp/htdocs/yii/framework/web/CWebApplication.php(282): CController->run('login')
#12 /opt/lampp/htdocs/yii/framework/web/CWebApplication.php(141): CWebApplication->runController('site/login')
#13 /opt/lampp/htdocs/yii/framework/base/CApplication.php(185): CWebApplication->processRequest()
#14 /opt/lampp/htdocs/K24/index.php(13): CApplication->run()
#15 {main}
REQUEST_URI=/K24/index.php?r=site/login
HTTP_REFERER=http://localhost/K24/index.php?r=site/login
---
2019/03/14 13:07:09 [error] [exception.CException] CException: Property "User.id" is not defined. in /opt/lampp/htdocs/yii/framework/base/CComponent.php:130
Stack trace:
#0 /opt/lampp/htdocs/yii/framework/db/ar/CActiveRecord.php(145): CComponent->__get('id')
#1 /opt/lampp/htdocs/K24/protected/components/UserIdentity.php(39): CActiveRecord->__get('id')
#2 /opt/lampp/htdocs/K24/protected/models/LoginForm.php(54): UserIdentity->authenticate()
#3 /opt/lampp/htdocs/yii/framework/validators/CInlineValidator.php(42): LoginForm->authenticate('password', Array)
#4 /opt/lampp/htdocs/yii/framework/validators/CValidator.php(201): CInlineValidator->validateAttribute(Object(LoginForm), 'password')
#5 /opt/lampp/htdocs/yii/framework/base/CModel.php(159): CValidator->validate(Object(LoginForm), Array)
#6 /opt/lampp/htdocs/K24/protected/controllers/SiteController.php(94): CModel->validate()
#7 /opt/lampp/htdocs/yii/framework/web/actions/CInlineAction.php(49): SiteController->actionLogin()
#8 /opt/lampp/htdocs/yii/framework/web/CController.php(308): CInlineAction->runWithParams(Array)
#9 /opt/lampp/htdocs/yii/framework/web/CController.php(286): CController->runAction(Object(CInlineAction))
#10 /opt/lampp/htdocs/yii/framework/web/CController.php(265): CController->runActionWithFilters(Object(CInlineAction), Array)
#11 /opt/lampp/htdocs/yii/framework/web/CWebApplication.php(282): CController->run('login')
#12 /opt/lampp/htdocs/yii/framework/web/CWebApplication.php(141): CWebApplication->runController('site/login')
#13 /opt/lampp/htdocs/yii/framework/base/CApplication.php(185): CWebApplication->processRequest()
#14 /opt/lampp/htdocs/K24/index.php(13): CApplication->run()
#15 {main}
REQUEST_URI=/K24/index.php?r=site/login
HTTP_REFERER=http://localhost/K24/index.php?r=site/login
---
2019/03/14 13:07:37 [error] [exception.CException] CException: Property "UserIdentity._id" is not defined. in /opt/lampp/htdocs/yii/framework/base/CComponent.php:173
Stack trace:
#0 /opt/lampp/htdocs/K24/protected/components/UserIdentity.php(39): CComponent->__set('_id', '1')
#1 /opt/lampp/htdocs/K24/protected/models/LoginForm.php(54): UserIdentity->authenticate()
#2 /opt/lampp/htdocs/yii/framework/validators/CInlineValidator.php(42): LoginForm->authenticate('password', Array)
#3 /opt/lampp/htdocs/yii/framework/validators/CValidator.php(201): CInlineValidator->validateAttribute(Object(LoginForm), 'password')
#4 /opt/lampp/htdocs/yii/framework/base/CModel.php(159): CValidator->validate(Object(LoginForm), Array)
#5 /opt/lampp/htdocs/K24/protected/controllers/SiteController.php(94): CModel->validate()
#6 /opt/lampp/htdocs/yii/framework/web/actions/CInlineAction.php(49): SiteController->actionLogin()
#7 /opt/lampp/htdocs/yii/framework/web/CController.php(308): CInlineAction->runWithParams(Array)
#8 /opt/lampp/htdocs/yii/framework/web/CController.php(286): CController->runAction(Object(CInlineAction))
#9 /opt/lampp/htdocs/yii/framework/web/CController.php(265): CController->runActionWithFilters(Object(CInlineAction), Array)
#10 /opt/lampp/htdocs/yii/framework/web/CWebApplication.php(282): CController->run('login')
#11 /opt/lampp/htdocs/yii/framework/web/CWebApplication.php(141): CWebApplication->runController('site/login')
#12 /opt/lampp/htdocs/yii/framework/base/CApplication.php(185): CWebApplication->processRequest()
#13 /opt/lampp/htdocs/K24/index.php(13): CApplication->run()
#14 {main}
REQUEST_URI=/K24/index.php?r=site/login
HTTP_REFERER=http://localhost/K24/index.php?r=site/login
---
2019/03/14 13:07:57 [error] [exception.CException] CException: Property "UserIdentity.id_user" is not defined. in /opt/lampp/htdocs/yii/framework/base/CComponent.php:173
Stack trace:
#0 /opt/lampp/htdocs/K24/protected/components/UserIdentity.php(39): CComponent->__set('id_user', '1')
#1 /opt/lampp/htdocs/K24/protected/models/LoginForm.php(54): UserIdentity->authenticate()
#2 /opt/lampp/htdocs/yii/framework/validators/CInlineValidator.php(42): LoginForm->authenticate('password', Array)
#3 /opt/lampp/htdocs/yii/framework/validators/CValidator.php(201): CInlineValidator->validateAttribute(Object(LoginForm), 'password')
#4 /opt/lampp/htdocs/yii/framework/base/CModel.php(159): CValidator->validate(Object(LoginForm), Array)
#5 /opt/lampp/htdocs/K24/protected/controllers/SiteController.php(94): CModel->validate()
#6 /opt/lampp/htdocs/yii/framework/web/actions/CInlineAction.php(49): SiteController->actionLogin()
#7 /opt/lampp/htdocs/yii/framework/web/CController.php(308): CInlineAction->runWithParams(Array)
#8 /opt/lampp/htdocs/yii/framework/web/CController.php(286): CController->runAction(Object(CInlineAction))
#9 /opt/lampp/htdocs/yii/framework/web/CController.php(265): CController->runActionWithFilters(Object(CInlineAction), Array)
#10 /opt/lampp/htdocs/yii/framework/web/CWebApplication.php(282): CController->run('login')
#11 /opt/lampp/htdocs/yii/framework/web/CWebApplication.php(141): CWebApplication->runController('site/login')
#12 /opt/lampp/htdocs/yii/framework/base/CApplication.php(185): CWebApplication->processRequest()
#13 /opt/lampp/htdocs/K24/index.php(13): CApplication->run()
#14 {main}
REQUEST_URI=/K24/index.php?r=site/login
HTTP_REFERER=http://localhost/K24/index.php?r=site/login
---
2019/03/14 13:08:04 [error] [exception.CException] CException: Property "User.id" is not defined. in /opt/lampp/htdocs/yii/framework/base/CComponent.php:130
Stack trace:
#0 /opt/lampp/htdocs/yii/framework/db/ar/CActiveRecord.php(145): CComponent->__get('id')
#1 /opt/lampp/htdocs/K24/protected/components/UserIdentity.php(39): CActiveRecord->__get('id')
#2 /opt/lampp/htdocs/K24/protected/models/LoginForm.php(54): UserIdentity->authenticate()
#3 /opt/lampp/htdocs/yii/framework/validators/CInlineValidator.php(42): LoginForm->authenticate('password', Array)
#4 /opt/lampp/htdocs/yii/framework/validators/CValidator.php(201): CInlineValidator->validateAttribute(Object(LoginForm), 'password')
#5 /opt/lampp/htdocs/yii/framework/base/CModel.php(159): CValidator->validate(Object(LoginForm), Array)
#6 /opt/lampp/htdocs/K24/protected/controllers/SiteController.php(94): CModel->validate()
#7 /opt/lampp/htdocs/yii/framework/web/actions/CInlineAction.php(49): SiteController->actionLogin()
#8 /opt/lampp/htdocs/yii/framework/web/CController.php(308): CInlineAction->runWithParams(Array)
#9 /opt/lampp/htdocs/yii/framework/web/CController.php(286): CController->runAction(Object(CInlineAction))
#10 /opt/lampp/htdocs/yii/framework/web/CController.php(265): CController->runActionWithFilters(Object(CInlineAction), Array)
#11 /opt/lampp/htdocs/yii/framework/web/CWebApplication.php(282): CController->run('login')
#12 /opt/lampp/htdocs/yii/framework/web/CWebApplication.php(141): CWebApplication->runController('site/login')
#13 /opt/lampp/htdocs/yii/framework/base/CApplication.php(185): CWebApplication->processRequest()
#14 /opt/lampp/htdocs/K24/index.php(13): CApplication->run()
#15 {main}
REQUEST_URI=/K24/index.php?r=site/login
HTTP_REFERER=http://localhost/K24/index.php?r=site/login
---
2019/03/14 13:08:52 [error] [exception.CException] CException: Property "User.id" is not defined. in /opt/lampp/htdocs/yii/framework/base/CComponent.php:130
Stack trace:
#0 /opt/lampp/htdocs/yii/framework/db/ar/CActiveRecord.php(145): CComponent->__get('id')
#1 /opt/lampp/htdocs/K24/protected/components/UserIdentity.php(39): CActiveRecord->__get('id')
#2 /opt/lampp/htdocs/K24/protected/models/LoginForm.php(54): UserIdentity->authenticate()
#3 /opt/lampp/htdocs/yii/framework/validators/CInlineValidator.php(42): LoginForm->authenticate('password', Array)
#4 /opt/lampp/htdocs/yii/framework/validators/CValidator.php(201): CInlineValidator->validateAttribute(Object(LoginForm), 'password')
#5 /opt/lampp/htdocs/yii/framework/base/CModel.php(159): CValidator->validate(Object(LoginForm), Array)
#6 /opt/lampp/htdocs/K24/protected/controllers/SiteController.php(94): CModel->validate()
#7 /opt/lampp/htdocs/yii/framework/web/actions/CInlineAction.php(49): SiteController->actionLogin()
#8 /opt/lampp/htdocs/yii/framework/web/CController.php(308): CInlineAction->runWithParams(Array)
#9 /opt/lampp/htdocs/yii/framework/web/CController.php(286): CController->runAction(Object(CInlineAction))
#10 /opt/lampp/htdocs/yii/framework/web/CController.php(265): CController->runActionWithFilters(Object(CInlineAction), Array)
#11 /opt/lampp/htdocs/yii/framework/web/CWebApplication.php(282): CController->run('login')
#12 /opt/lampp/htdocs/yii/framework/web/CWebApplication.php(141): CWebApplication->runController('site/login')
#13 /opt/lampp/htdocs/yii/framework/base/CApplication.php(185): CWebApplication->processRequest()
#14 /opt/lampp/htdocs/K24/index.php(13): CApplication->run()
#15 {main}
REQUEST_URI=/K24/index.php?r=site/login
HTTP_REFERER=http://localhost/K24/index.php?r=site/login
---
2019/03/14 13:13:12 [error] [exception.CException] CException: Property "User.password" is not defined. in /opt/lampp/htdocs/yii/framework/base/CComponent.php:130
Stack trace:
#0 /opt/lampp/htdocs/yii/framework/db/ar/CActiveRecord.php(145): CComponent->__get('password')
#1 /opt/lampp/htdocs/K24/protected/components/UserIdentity.php(35): CActiveRecord->__get('password')
#2 /opt/lampp/htdocs/K24/protected/models/LoginForm.php(54): UserIdentity->authenticate()
#3 /opt/lampp/htdocs/yii/framework/validators/CInlineValidator.php(42): LoginForm->authenticate('password', Array)
#4 /opt/lampp/htdocs/yii/framework/validators/CValidator.php(201): CInlineValidator->validateAttribute(Object(LoginForm), 'password')
#5 /opt/lampp/htdocs/yii/framework/base/CModel.php(159): CValidator->validate(Object(LoginForm), Array)
#6 /opt/lampp/htdocs/K24/protected/controllers/SiteController.php(94): CModel->validate()
#7 /opt/lampp/htdocs/yii/framework/web/actions/CInlineAction.php(49): SiteController->actionLogin()
#8 /opt/lampp/htdocs/yii/framework/web/CController.php(308): CInlineAction->runWithParams(Array)
#9 /opt/lampp/htdocs/yii/framework/web/CController.php(286): CController->runAction(Object(CInlineAction))
#10 /opt/lampp/htdocs/yii/framework/web/CController.php(265): CController->runActionWithFilters(Object(CInlineAction), Array)
#11 /opt/lampp/htdocs/yii/framework/web/CWebApplication.php(282): CController->run('login')
#12 /opt/lampp/htdocs/yii/framework/web/CWebApplication.php(141): CWebApplication->runController('site/login')
#13 /opt/lampp/htdocs/yii/framework/base/CApplication.php(185): CWebApplication->processRequest()
#14 /opt/lampp/htdocs/K24/index.php(13): CApplication->run()
#15 {main}
REQUEST_URI=/K24/index.php?r=site/login
HTTP_REFERER=http://localhost/K24/index.php?r=site/login
---
2019/03/14 13:19:46 [error] [exception.CException] CException: Property "User.password" is not defined. in /opt/lampp/htdocs/yii/framework/base/CComponent.php:130
Stack trace:
#0 /opt/lampp/htdocs/yii/framework/db/ar/CActiveRecord.php(145): CComponent->__get('password')
#1 /opt/lampp/htdocs/K24/protected/components/UserIdentity.php(35): CActiveRecord->__get('password')
#2 /opt/lampp/htdocs/K24/protected/models/LoginForm.php(54): UserIdentity->authenticate()
#3 /opt/lampp/htdocs/yii/framework/validators/CInlineValidator.php(42): LoginForm->authenticate('password', Array)
#4 /opt/lampp/htdocs/yii/framework/validators/CValidator.php(201): CInlineValidator->validateAttribute(Object(LoginForm), 'password')
#5 /opt/lampp/htdocs/yii/framework/base/CModel.php(159): CValidator->validate(Object(LoginForm), Array)
#6 /opt/lampp/htdocs/K24/protected/controllers/SiteController.php(94): CModel->validate()
#7 /opt/lampp/htdocs/yii/framework/web/actions/CInlineAction.php(49): SiteController->actionLogin()
#8 /opt/lampp/htdocs/yii/framework/web/CController.php(308): CInlineAction->runWithParams(Array)
#9 /opt/lampp/htdocs/yii/framework/web/CController.php(286): CController->runAction(Object(CInlineAction))
#10 /opt/lampp/htdocs/yii/framework/web/CController.php(265): CController->runActionWithFilters(Object(CInlineAction), Array)
#11 /opt/lampp/htdocs/yii/framework/web/CWebApplication.php(282): CController->run('login')
#12 /opt/lampp/htdocs/yii/framework/web/CWebApplication.php(141): CWebApplication->runController('site/login')
#13 /opt/lampp/htdocs/yii/framework/base/CApplication.php(185): CWebApplication->processRequest()
#14 /opt/lampp/htdocs/K24/index.php(13): CApplication->run()
#15 {main}
REQUEST_URI=/K24/index.php?r=site/login
HTTP_REFERER=http://localhost/K24/index.php?r=site/login
---
2019/03/14 13:26:37 [warning] [application] Failed to set unsafe attribute "username" of "LoginForm".
in /opt/lampp/htdocs/K24/protected/controllers/SiteController.php (92)
in /opt/lampp/htdocs/K24/index.php (13)
2019/03/14 13:26:37 [warning] [application] Failed to set unsafe attribute "password" of "LoginForm".
in /opt/lampp/htdocs/K24/protected/controllers/SiteController.php (92)
in /opt/lampp/htdocs/K24/index.php (13)
2019/03/14 13:26:37 [error] [exception.CException] CException: Property "LoginForm.username" is not defined. in /opt/lampp/htdocs/yii/framework/base/CComponent.php:130
Stack trace:
#0 /opt/lampp/htdocs/yii/framework/web/helpers/CHtml.php(2760): CComponent->__get('username')
#1 /opt/lampp/htdocs/yii/framework/web/helpers/CHtml.php(2483): CHtml::resolveValue(Object(LoginForm), 'username')
#2 /opt/lampp/htdocs/yii/framework/web/helpers/CHtml.php(1540): CHtml::activeInputField('text', Object(LoginForm), 'username', Array)
#3 /opt/lampp/htdocs/yii/framework/web/widgets/CActiveForm.php(792): CHtml::activeTextField(Object(LoginForm), 'username', Array)
#4 /opt/lampp/htdocs/K24/themes/shadow_dancer/views/site/login.php(25): CActiveForm->textField(Object(LoginForm), 'username')
#5 /opt/lampp/htdocs/yii/framework/web/CBaseController.php(126): require('/opt/lampp/htdo...')
#6 /opt/lampp/htdocs/yii/framework/web/CBaseController.php(95): CBaseController->renderInternal('/opt/lampp/htdo...', Array, true)
#7 /opt/lampp/htdocs/yii/framework/web/CController.php(872): CBaseController->renderFile('/opt/lampp/htdo...', Array, true)
#8 /opt/lampp/htdocs/yii/framework/web/CController.php(785): CController->renderPartial('login', Array, true)
#9 /opt/lampp/htdocs/K24/protected/controllers/SiteController.php(98): CController->render('login', Array)
#10 /opt/lampp/htdocs/yii/framework/web/actions/CInlineAction.php(49): SiteController->actionLogin()
#11 /opt/lampp/htdocs/yii/framework/web/CController.php(308): CInlineAction->runWithParams(Array)
#12 /opt/lampp/htdocs/yii/framework/web/CController.php(286): CController->runAction(Object(CInlineAction))
#13 /opt/lampp/htdocs/yii/framework/web/CController.php(265): CController->runActionWithFilters(Object(CInlineAction), Array)
#14 /opt/lampp/htdocs/yii/framework/web/CWebApplication.php(282): CController->run('login')
#15 /opt/lampp/htdocs/yii/framework/web/CWebApplication.php(141): CWebApplication->runController('site/login')
#16 /opt/lampp/htdocs/yii/framework/base/CApplication.php(185): CWebApplication->processRequest()
#17 /opt/lampp/htdocs/K24/index.php(13): CApplication->run()
#18 {main}
REQUEST_URI=/K24/index.php?r=site/login
HTTP_REFERER=http://localhost/K24/index.php?r=site/login
---
2019/03/14 13:27:20 [error] [exception.CDbException] CDbException: Table "user" does not have a column named "nama_user". in /opt/lampp/htdocs/yii/framework/db/schema/CDbCommandBuilder.php:697
Stack trace:
#0 /opt/lampp/htdocs/yii/framework/db/ar/CActiveRecord.php(1526): CDbCommandBuilder->createColumnCriteria(Object(CMysqlTableSchema), Array, '', Array, '`t`.')
#1 /opt/lampp/htdocs/K24/protected/components/UserIdentity.php(32): CActiveRecord->findByAttributes(Array)
#2 /opt/lampp/htdocs/K24/protected/models/LoginForm.php(54): UserIdentity->authenticate()
#3 /opt/lampp/htdocs/yii/framework/validators/CInlineValidator.php(42): LoginForm->authenticate('password', Array)
#4 /opt/lampp/htdocs/yii/framework/validators/CValidator.php(201): CInlineValidator->validateAttribute(Object(LoginForm), 'password')
#5 /opt/lampp/htdocs/yii/framework/base/CModel.php(159): CValidator->validate(Object(LoginForm), Array)
#6 /opt/lampp/htdocs/K24/protected/controllers/SiteController.php(94): CModel->validate()
#7 /opt/lampp/htdocs/yii/framework/web/actions/CInlineAction.php(49): SiteController->actionLogin()
#8 /opt/lampp/htdocs/yii/framework/web/CController.php(308): CInlineAction->runWithParams(Array)
#9 /opt/lampp/htdocs/yii/framework/web/CController.php(286): CController->runAction(Object(CInlineAction))
#10 /opt/lampp/htdocs/yii/framework/web/CController.php(265): CController->runActionWithFilters(Object(CInlineAction), Array)
#11 /opt/lampp/htdocs/yii/framework/web/CWebApplication.php(282): CController->run('login')
#12 /opt/lampp/htdocs/yii/framework/web/CWebApplication.php(141): CWebApplication->runController('site/login')
#13 /opt/lampp/htdocs/yii/framework/base/CApplication.php(185): CWebApplication->processRequest()
#14 /opt/lampp/htdocs/K24/index.php(13): CApplication->run()
#15 {main}
REQUEST_URI=/K24/index.php?r=site/login
HTTP_REFERER=http://localhost/K24/index.php?r=site/login
---
2019/03/14 13:27:48 [error] [exception.CDbException] CDbException: Table "user" does not have a column named "nama_user". in /opt/lampp/htdocs/yii/framework/db/schema/CDbCommandBuilder.php:697
Stack trace:
#0 /opt/lampp/htdocs/yii/framework/db/ar/CActiveRecord.php(1526): CDbCommandBuilder->createColumnCriteria(Object(CMysqlTableSchema), Array, '', Array, '`t`.')
#1 /opt/lampp/htdocs/K24/protected/components/UserIdentity.php(32): CActiveRecord->findByAttributes(Array)
#2 /opt/lampp/htdocs/K24/protected/models/LoginForm.php(54): UserIdentity->authenticate()
#3 /opt/lampp/htdocs/yii/framework/validators/CInlineValidator.php(42): LoginForm->authenticate('password', Array)
#4 /opt/lampp/htdocs/yii/framework/validators/CValidator.php(201): CInlineValidator->validateAttribute(Object(LoginForm), 'password')
#5 /opt/lampp/htdocs/yii/framework/base/CModel.php(159): CValidator->validate(Object(LoginForm), Array)
#6 /opt/lampp/htdocs/K24/protected/controllers/SiteController.php(94): CModel->validate()
#7 /opt/lampp/htdocs/yii/framework/web/actions/CInlineAction.php(49): SiteController->actionLogin()
#8 /opt/lampp/htdocs/yii/framework/web/CController.php(308): CInlineAction->runWithParams(Array)
#9 /opt/lampp/htdocs/yii/framework/web/CController.php(286): CController->runAction(Object(CInlineAction))
#10 /opt/lampp/htdocs/yii/framework/web/CController.php(265): CController->runActionWithFilters(Object(CInlineAction), Array)
#11 /opt/lampp/htdocs/yii/framework/web/CWebApplication.php(282): CController->run('login')
#12 /opt/lampp/htdocs/yii/framework/web/CWebApplication.php(141): CWebApplication->runController('site/login')
#13 /opt/lampp/htdocs/yii/framework/base/CApplication.php(185): CWebApplication->processRequest()
#14 /opt/lampp/htdocs/K24/index.php(13): CApplication->run()
#15 {main}
REQUEST_URI=/K24/index.php?r=site/login
HTTP_REFERER=http://localhost/K24/index.php?r=site/login
---
2019/03/14 13:27:49 [error] [exception.CDbException] CDbException: Table "user" does not have a column named "nama_user". in /opt/lampp/htdocs/yii/framework/db/schema/CDbCommandBuilder.php:697
Stack trace:
#0 /opt/lampp/htdocs/yii/framework/db/ar/CActiveRecord.php(1526): CDbCommandBuilder->createColumnCriteria(Object(CMysqlTableSchema), Array, '', Array, '`t`.')
#1 /opt/lampp/htdocs/K24/protected/components/UserIdentity.php(32): CActiveRecord->findByAttributes(Array)
#2 /opt/lampp/htdocs/K24/protected/models/LoginForm.php(54): UserIdentity->authenticate()
#3 /opt/lampp/htdocs/yii/framework/validators/CInlineValidator.php(42): LoginForm->authenticate('password', Array)
#4 /opt/lampp/htdocs/yii/framework/validators/CValidator.php(201): CInlineValidator->validateAttribute(Object(LoginForm), 'password')
#5 /opt/lampp/htdocs/yii/framework/base/CModel.php(159): CValidator->validate(Object(LoginForm), Array)
#6 /opt/lampp/htdocs/K24/protected/controllers/SiteController.php(94): CModel->validate()
#7 /opt/lampp/htdocs/yii/framework/web/actions/CInlineAction.php(49): SiteController->actionLogin()
#8 /opt/lampp/htdocs/yii/framework/web/CController.php(308): CInlineAction->runWithParams(Array)
#9 /opt/lampp/htdocs/yii/framework/web/CController.php(286): CController->runAction(Object(CInlineAction))
#10 /opt/lampp/htdocs/yii/framework/web/CController.php(265): CController->runActionWithFilters(Object(CInlineAction), Array)
#11 /opt/lampp/htdocs/yii/framework/web/CWebApplication.php(282): CController->run('login')
#12 /opt/lampp/htdocs/yii/framework/web/CWebApplication.php(141): CWebApplication->runController('site/login')
#13 /opt/lampp/htdocs/yii/framework/base/CApplication.php(185): CWebApplication->processRequest()
#14 /opt/lampp/htdocs/K24/index.php(13): CApplication->run()
#15 {main}
REQUEST_URI=/K24/index.php?r=site/login
HTTP_REFERER=http://localhost/K24/index.php?r=site/login
---
2019/03/14 16:41:25 [error] [exception.CException] CException: Property "User.nama_user" is not defined. in /opt/lampp/htdocs/yii/framework/base/CComponent.php:130
Stack trace:
#0 /opt/lampp/htdocs/yii/framework/db/ar/CActiveRecord.php(145): CComponent->__get('nama_user')
#1 /opt/lampp/htdocs/K24/protected/views/user/_view.php(13): CActiveRecord->__get('nama_user')
#2 /opt/lampp/htdocs/yii/framework/web/CBaseController.php(130): require('/opt/lampp/htdo...')
#3 /opt/lampp/htdocs/yii/framework/web/CBaseController.php(95): CBaseController->renderInternal('/opt/lampp/htdo...', Array, false)
#4 /opt/lampp/htdocs/yii/framework/zii/widgets/CListView.php(291): CBaseController->renderFile('/opt/lampp/htdo...', Array)
#5 /opt/lampp/htdocs/yii/framework/zii/widgets/CBaseListView.php(181): CListView->renderItems()
#6 [internal function]: CBaseListView->renderSection(Array)
#7 /opt/lampp/htdocs/yii/framework/zii/widgets/CBaseListView.php(164): preg_replace_callback('/{(\\w+)}/', Array, '{summary}\n{sort...')
#8 /opt/lampp/htdocs/yii/framework/zii/widgets/CBaseListView.php(149): CBaseListView->renderContent()
#9 /opt/lampp/htdocs/yii/framework/web/CBaseController.php(182): CBaseListView->run()
#10 /opt/lampp/htdocs/K24/protected/views/user/index.php(19): CBaseController->widget('zii.widgets.CLi...', Array)
#11 /opt/lampp/htdocs/yii/framework/web/CBaseController.php(126): require('/opt/lampp/htdo...')
#12 /opt/lampp/htdocs/yii/framework/web/CBaseController.php(95): CBaseController->renderInternal('/opt/lampp/htdo...', Array, true)
#13 /opt/lampp/htdocs/yii/framework/web/CController.php(872): CBaseController->renderFile('/opt/lampp/htdo...', Array, true)
#14 /opt/lampp/htdocs/yii/framework/web/CController.php(785): CController->renderPartial('index', Array, true)
#15 /opt/lampp/htdocs/K24/protected/controllers/UserController.php(129): CController->render('index', Array)
#16 /opt/lampp/htdocs/yii/framework/web/actions/CInlineAction.php(49): UserController->actionIndex()
#17 /opt/lampp/htdocs/yii/framework/web/CController.php(308): CInlineAction->runWithParams(Array)
#18 /opt/lampp/htdocs/yii/framework/web/filters/CFilterChain.php(134): CController->runAction(Object(CInlineAction))
#19 /opt/lampp/htdocs/yii/framework/web/filters/CFilter.php(40): CFilterChain->run()
#20 /opt/lampp/htdocs/yii/framework/web/CController.php(1148): CFilter->filter(Object(CFilterChain))
#21 /opt/lampp/htdocs/yii/framework/web/filters/CInlineFilter.php(58): CController->filterAccessControl(Object(CFilterChain))
#22 /opt/lampp/htdocs/yii/framework/web/filters/CFilterChain.php(131): CInlineFilter->filter(Object(CFilterChain))
#23 /opt/lampp/htdocs/yii/framework/web/CController.php(291): CFilterChain->run()
#24 /opt/lampp/htdocs/yii/framework/web/CController.php(265): CController->runActionWithFilters(Object(CInlineAction), Array)
#25 /opt/lampp/htdocs/yii/framework/web/CWebApplication.php(282): CController->run('index')
#26 /opt/lampp/htdocs/yii/framework/web/CWebApplication.php(141): CWebApplication->runController('user/index')
#27 /opt/lampp/htdocs/yii/framework/base/CApplication.php(185): CWebApplication->processRequest()
#28 /opt/lampp/htdocs/K24/index.php(13): CApplication->run()
#29 {main}
REQUEST_URI=/K24/index.php?r=user/index
HTTP_REFERER=http://localhost/K24/index.php?r=member/index
---
2019/03/14 16:42:54 [error] [exception.CException] CException: Property "User.nama_user" is not defined. in /opt/lampp/htdocs/yii/framework/base/CComponent.php:130
Stack trace:
#0 /opt/lampp/htdocs/yii/framework/db/ar/CActiveRecord.php(145): CComponent->__get('nama_user')
#1 /opt/lampp/htdocs/K24/protected/views/user/_view.php(13): CActiveRecord->__get('nama_user')
#2 /opt/lampp/htdocs/yii/framework/web/CBaseController.php(130): require('/opt/lampp/htdo...')
#3 /opt/lampp/htdocs/yii/framework/web/CBaseController.php(95): CBaseController->renderInternal('/opt/lampp/htdo...', Array, false)
#4 /opt/lampp/htdocs/yii/framework/zii/widgets/CListView.php(291): CBaseController->renderFile('/opt/lampp/htdo...', Array)
#5 /opt/lampp/htdocs/yii/framework/zii/widgets/CBaseListView.php(181): CListView->renderItems()
#6 [internal function]: CBaseListView->renderSection(Array)
#7 /opt/lampp/htdocs/yii/framework/zii/widgets/CBaseListView.php(164): preg_replace_callback('/{(\\w+)}/', Array, '{summary}\n{sort...')
#8 /opt/lampp/htdocs/yii/framework/zii/widgets/CBaseListView.php(149): CBaseListView->renderContent()
#9 /opt/lampp/htdocs/yii/framework/web/CBaseController.php(182): CBaseListView->run()
#10 /opt/lampp/htdocs/K24/protected/views/user/index.php(19): CBaseController->widget('zii.widgets.CLi...', Array)
#11 /opt/lampp/htdocs/yii/framework/web/CBaseController.php(126): require('/opt/lampp/htdo...')
#12 /opt/lampp/htdocs/yii/framework/web/CBaseController.php(95): CBaseController->renderInternal('/opt/lampp/htdo...', Array, true)
#13 /opt/lampp/htdocs/yii/framework/web/CController.php(872): CBaseController->renderFile('/opt/lampp/htdo...', Array, true)
#14 /opt/lampp/htdocs/yii/framework/web/CController.php(785): CController->renderPartial('index', Array, true)
#15 /opt/lampp/htdocs/K24/protected/controllers/UserController.php(129): CController->render('index', Array)
#16 /opt/lampp/htdocs/yii/framework/web/actions/CInlineAction.php(49): UserController->actionIndex()
#17 /opt/lampp/htdocs/yii/framework/web/CController.php(308): CInlineAction->runWithParams(Array)
#18 /opt/lampp/htdocs/yii/framework/web/filters/CFilterChain.php(134): CController->runAction(Object(CInlineAction))
#19 /opt/lampp/htdocs/yii/framework/web/filters/CFilter.php(40): CFilterChain->run()
#20 /opt/lampp/htdocs/yii/framework/web/CController.php(1148): CFilter->filter(Object(CFilterChain))
#21 /opt/lampp/htdocs/yii/framework/web/filters/CInlineFilter.php(58): CController->filterAccessControl(Object(CFilterChain))
#22 /opt/lampp/htdocs/yii/framework/web/filters/CFilterChain.php(131): CInlineFilter->filter(Object(CFilterChain))
#23 /opt/lampp/htdocs/yii/framework/web/CController.php(291): CFilterChain->run()
#24 /opt/lampp/htdocs/yii/framework/web/CController.php(265): CController->runActionWithFilters(Object(CInlineAction), Array)
#25 /opt/lampp/htdocs/yii/framework/web/CWebApplication.php(282): CController->run('index')
#26 /opt/lampp/htdocs/yii/framework/web/CWebApplication.php(141): CWebApplication->runController('user/index')
#27 /opt/lampp/htdocs/yii/framework/base/CApplication.php(185): CWebApplication->processRequest()
#28 /opt/lampp/htdocs/K24/index.php(13): CApplication->run()
#29 {main}
REQUEST_URI=/K24/index.php?r=user/index
HTTP_REFERER=http://localhost/K24/index.php?r=member/index
---
2019/03/14 16:42:55 [error] [exception.CException] CException: Property "User.nama_user" is not defined. in /opt/lampp/htdocs/yii/framework/base/CComponent.php:130
Stack trace:
#0 /opt/lampp/htdocs/yii/framework/db/ar/CActiveRecord.php(145): CComponent->__get('nama_user')
#1 /opt/lampp/htdocs/K24/protected/views/user/_view.php(13): CActiveRecord->__get('nama_user')
#2 /opt/lampp/htdocs/yii/framework/web/CBaseController.php(130): require('/opt/lampp/htdo...')
#3 /opt/lampp/htdocs/yii/framework/web/CBaseController.php(95): CBaseController->renderInternal('/opt/lampp/htdo...', Array, false)
#4 /opt/lampp/htdocs/yii/framework/zii/widgets/CListView.php(291): CBaseController->renderFile('/opt/lampp/htdo...', Array)
#5 /opt/lampp/htdocs/yii/framework/zii/widgets/CBaseListView.php(181): CListView->renderItems()
#6 [internal function]: CBaseListView->renderSection(Array)
#7 /opt/lampp/htdocs/yii/framework/zii/widgets/CBaseListView.php(164): preg_replace_callback('/{(\\w+)}/', Array, '{summary}\n{sort...')
#8 /opt/lampp/htdocs/yii/framework/zii/widgets/CBaseListView.php(149): CBaseListView->renderContent()
#9 /opt/lampp/htdocs/yii/framework/web/CBaseController.php(182): CBaseListView->run()
#10 /opt/lampp/htdocs/K24/protected/views/user/index.php(19): CBaseController->widget('zii.widgets.CLi...', Array)
#11 /opt/lampp/htdocs/yii/framework/web/CBaseController.php(126): require('/opt/lampp/htdo...')
#12 /opt/lampp/htdocs/yii/framework/web/CBaseController.php(95): CBaseController->renderInternal('/opt/lampp/htdo...', Array, true)
#13 /opt/lampp/htdocs/yii/framework/web/CController.php(872): CBaseController->renderFile('/opt/lampp/htdo...', Array, true)
#14 /opt/lampp/htdocs/yii/framework/web/CController.php(785): CController->renderPartial('index', Array, true)
#15 /opt/lampp/htdocs/K24/protected/controllers/UserController.php(129): CController->render('index', Array)
#16 /opt/lampp/htdocs/yii/framework/web/actions/CInlineAction.php(49): UserController->actionIndex()
#17 /opt/lampp/htdocs/yii/framework/web/CController.php(308): CInlineAction->runWithParams(Array)
#18 /opt/lampp/htdocs/yii/framework/web/filters/CFilterChain.php(134): CController->runAction(Object(CInlineAction))
#19 /opt/lampp/htdocs/yii/framework/web/filters/CFilter.php(40): CFilterChain->run()
#20 /opt/lampp/htdocs/yii/framework/web/CController.php(1148): CFilter->filter(Object(CFilterChain))
#21 /opt/lampp/htdocs/yii/framework/web/filters/CInlineFilter.php(58): CController->filterAccessControl(Object(CFilterChain))
#22 /opt/lampp/htdocs/yii/framework/web/filters/CFilterChain.php(131): CInlineFilter->filter(Object(CFilterChain))
#23 /opt/lampp/htdocs/yii/framework/web/CController.php(291): CFilterChain->run()
#24 /opt/lampp/htdocs/yii/framework/web/CController.php(265): CController->runActionWithFilters(Object(CInlineAction), Array)
#25 /opt/lampp/htdocs/yii/framework/web/CWebApplication.php(282): CController->run('index')
#26 /opt/lampp/htdocs/yii/framework/web/CWebApplication.php(141): CWebApplication->runController('user/index')
#27 /opt/lampp/htdocs/yii/framework/base/CApplication.php(185): CWebApplication->processRequest()
#28 /opt/lampp/htdocs/K24/index.php(13): CApplication->run()
#29 {main}
REQUEST_URI=/K24/index.php?r=user/index
HTTP_REFERER=http://localhost/K24/index.php?r=member/index
---
2019/03/14 16:42:55 [error] [exception.CException] CException: Property "User.nama_user" is not defined. in /opt/lampp/htdocs/yii/framework/base/CComponent.php:130
Stack trace:
#0 /opt/lampp/htdocs/yii/framework/db/ar/CActiveRecord.php(145): CComponent->__get('nama_user')
#1 /opt/lampp/htdocs/K24/protected/views/user/_view.php(13): CActiveRecord->__get('nama_user')
#2 /opt/lampp/htdocs/yii/framework/web/CBaseController.php(130): require('/opt/lampp/htdo...')
#3 /opt/lampp/htdocs/yii/framework/web/CBaseController.php(95): CBaseController->renderInternal('/opt/lampp/htdo...', Array, false)
#4 /opt/lampp/htdocs/yii/framework/zii/widgets/CListView.php(291): CBaseController->renderFile('/opt/lampp/htdo...', Array)
#5 /opt/lampp/htdocs/yii/framework/zii/widgets/CBaseListView.php(181): CListView->renderItems()
#6 [internal function]: CBaseListView->renderSection(Array)
#7 /opt/lampp/htdocs/yii/framework/zii/widgets/CBaseListView.php(164): preg_replace_callback('/{(\\w+)}/', Array, '{summary}\n{sort...')
#8 /opt/lampp/htdocs/yii/framework/zii/widgets/CBaseListView.php(149): CBaseListView->renderContent()
#9 /opt/lampp/htdocs/yii/framework/web/CBaseController.php(182): CBaseListView->run()
#10 /opt/lampp/htdocs/K24/protected/views/user/index.php(19): CBaseController->widget('zii.widgets.CLi...', Array)
#11 /opt/lampp/htdocs/yii/framework/web/CBaseController.php(126): require('/opt/lampp/htdo...')
#12 /opt/lampp/htdocs/yii/framework/web/CBaseController.php(95): CBaseController->renderInternal('/opt/lampp/htdo...', Array, true)
#13 /opt/lampp/htdocs/yii/framework/web/CController.php(872): CBaseController->renderFile('/opt/lampp/htdo...', Array, true)
#14 /opt/lampp/htdocs/yii/framework/web/CController.php(785): CController->renderPartial('index', Array, true)
#15 /opt/lampp/htdocs/K24/protected/controllers/UserController.php(129): CController->render('index', Array)
#16 /opt/lampp/htdocs/yii/framework/web/actions/CInlineAction.php(49): UserController->actionIndex()
#17 /opt/lampp/htdocs/yii/framework/web/CController.php(308): CInlineAction->runWithParams(Array)
#18 /opt/lampp/htdocs/yii/framework/web/filters/CFilterChain.php(134): CController->runAction(Object(CInlineAction))
#19 /opt/lampp/htdocs/yii/framework/web/filters/CFilter.php(40): CFilterChain->run()
#20 /opt/lampp/htdocs/yii/framework/web/CController.php(1148): CFilter->filter(Object(CFilterChain))
#21 /opt/lampp/htdocs/yii/framework/web/filters/CInlineFilter.php(58): CController->filterAccessControl(Object(CFilterChain))
#22 /opt/lampp/htdocs/yii/framework/web/filters/CFilterChain.php(131): CInlineFilter->filter(Object(CFilterChain))
#23 /opt/lampp/htdocs/yii/framework/web/CController.php(291): CFilterChain->run()
#24 /opt/lampp/htdocs/yii/framework/web/CController.php(265): CController->runActionWithFilters(Object(CInlineAction), Array)
#25 /opt/lampp/htdocs/yii/framework/web/CWebApplication.php(282): CController->run('index')
#26 /opt/lampp/htdocs/yii/framework/web/CWebApplication.php(141): CWebApplication->runController('user/index')
#27 /opt/lampp/htdocs/yii/framework/base/CApplication.php(185): CWebApplication->processRequest()
#28 /opt/lampp/htdocs/K24/index.php(13): CApplication->run()
#29 {main}
REQUEST_URI=/K24/index.php?r=user/index
HTTP_REFERER=http://localhost/K24/index.php?r=member/index
---
2019/03/14 16:44:05 [error] [exception.CException] CException: Property "User.nama_user" is not defined. in /opt/lampp/htdocs/yii/framework/base/CComponent.php:130
Stack trace:
#0 /opt/lampp/htdocs/yii/framework/db/ar/CActiveRecord.php(145): CComponent->__get('nama_user')
#1 /opt/lampp/htdocs/yii/framework/web/helpers/CHtml.php(2760): CActiveRecord->__get('nama_user')
#2 /opt/lampp/htdocs/yii/framework/web/helpers/CHtml.php(2483): CHtml::resolveValue(Object(User), 'nama_user')
#3 /opt/lampp/htdocs/yii/framework/web/helpers/CHtml.php(1540): CHtml::activeInputField('text', Object(User), 'nama_user', Array)
#4 /opt/lampp/htdocs/yii/framework/web/widgets/CActiveForm.php(792): CHtml::activeTextField(Object(User), 'nama_user', Array)
#5 /opt/lampp/htdocs/K24/protected/views/user/_form.php(24): CActiveForm->textField(Object(User), 'nama_user', Array)
#6 /opt/lampp/htdocs/yii/framework/web/CBaseController.php(126): require('/opt/lampp/htdo...')
#7 /opt/lampp/htdocs/yii/framework/web/CBaseController.php(95): CBaseController->renderInternal('/opt/lampp/htdo...', Array, true)
#8 /opt/lampp/htdocs/yii/framework/web/CController.php(872): CBaseController->renderFile('/opt/lampp/htdo...', Array, true)
#9 /opt/lampp/htdocs/K24/protected/views/user/update.php(21): CController->renderPartial('_form', Array)
#10 /opt/lampp/htdocs/yii/framework/web/CBaseController.php(126): require('/opt/lampp/htdo...')
#11 /opt/lampp/htdocs/yii/framework/web/CBaseController.php(95): CBaseController->renderInternal('/opt/lampp/htdo...', Array, true)
#12 /opt/lampp/htdocs/yii/framework/web/CController.php(872): CBaseController->renderFile('/opt/lampp/htdo...', Array, true)
#13 /opt/lampp/htdocs/yii/framework/web/CController.php(785): CController->renderPartial('update', Array, true)
#14 /opt/lampp/htdocs/K24/protected/controllers/UserController.php(104): CController->render('update', Array)
#15 [internal function]: UserController->actionUpdate('1')
#16 /opt/lampp/htdocs/yii/framework/web/actions/CAction.php(109): ReflectionMethod->invokeArgs(Object(UserController), Array)
#17 /opt/lampp/htdocs/yii/framework/web/actions/CInlineAction.php(47): CAction->runWithParamsInternal(Object(UserController), Object(ReflectionMethod), Array)
#18 /opt/lampp/htdocs/yii/framework/web/CController.php(308): CInlineAction->runWithParams(Array)
#19 /opt/lampp/htdocs/yii/framework/web/filters/CFilterChain.php(134): CController->runAction(Object(CInlineAction))
#20 /opt/lampp/htdocs/yii/framework/web/filters/CFilter.php(40): CFilterChain->run()
#21 /opt/lampp/htdocs/yii/framework/web/CController.php(1148): CFilter->filter(Object(CFilterChain))
#22 /opt/lampp/htdocs/yii/framework/web/filters/CInlineFilter.php(58): CController->filterAccessControl(Object(CFilterChain))
#23 /opt/lampp/htdocs/yii/framework/web/filters/CFilterChain.php(131): CInlineFilter->filter(Object(CFilterChain))
#24 /opt/lampp/htdocs/yii/framework/web/CController.php(291): CFilterChain->run()
#25 /opt/lampp/htdocs/yii/framework/web/CController.php(265): CController->runActionWithFilters(Object(CInlineAction), Array)
#26 /opt/lampp/htdocs/yii/framework/web/CWebApplication.php(282): CController->run('update')
#27 /opt/lampp/htdocs/yii/framework/web/CWebApplication.php(141): CWebApplication->runController('user/update')
#28 /opt/lampp/htdocs/yii/framework/base/CApplication.php(185): CWebApplication->processRequest()
#29 /opt/lampp/htdocs/K24/index.php(13): CApplication->run()
#30 {main}
REQUEST_URI=/K24/index.php?r=user/update&id=1
HTTP_REFERER=http://localhost/K24/index.php?r=user/view&id=1
---
2019/03/14 16:54:59 [error] [exception.CException] CException: User and its behaviors do not have a method or closure named "encrypt". in /opt/lampp/htdocs/yii/framework/base/CComponent.php:266
Stack trace:
#0 /opt/lampp/htdocs/yii/framework/db/ar/CActiveRecord.php(229): CComponent->__call('encrypt', Array)
#1 /opt/lampp/htdocs/K24/protected/components/UserIdentity.php(44): CActiveRecord->__call('encrypt', Array)
#2 /opt/lampp/htdocs/K24/protected/models/LoginForm.php(54): UserIdentity->authenticate()
#3 /opt/lampp/htdocs/yii/framework/validators/CInlineValidator.php(42): LoginForm->authenticate('password', Array)
#4 /opt/lampp/htdocs/yii/framework/validators/CValidator.php(201): CInlineValidator->validateAttribute(Object(LoginForm), 'password')
#5 /opt/lampp/htdocs/yii/framework/base/CModel.php(159): CValidator->validate(Object(LoginForm), Array)
#6 /opt/lampp/htdocs/K24/protected/controllers/SiteController.php(94): CModel->validate()
#7 /opt/lampp/htdocs/yii/framework/web/actions/CInlineAction.php(49): SiteController->actionLogin()
#8 /opt/lampp/htdocs/yii/framework/web/CController.php(308): CInlineAction->runWithParams(Array)
#9 /opt/lampp/htdocs/yii/framework/web/CController.php(286): CController->runAction(Object(CInlineAction))
#10 /opt/lampp/htdocs/yii/framework/web/CController.php(265): CController->runActionWithFilters(Object(CInlineAction), Array)
#11 /opt/lampp/htdocs/yii/framework/web/CWebApplication.php(282): CController->run('login')
#12 /opt/lampp/htdocs/yii/framework/web/CWebApplication.php(141): CWebApplication->runController('site/login')
#13 /opt/lampp/htdocs/yii/framework/base/CApplication.php(185): CWebApplication->processRequest()
#14 /opt/lampp/htdocs/K24/index.php(13): CApplication->run()
#15 {main}
REQUEST_URI=/K24/index.php?r=site/login
HTTP_REFERER=http://localhost/K24/index.php?r=site/login
---
2019/03/14 17:01:24 [error] [exception.CException] CException: Property "LoginForm.email" is not defined. in /opt/lampp/htdocs/yii/framework/base/CComponent.php:130
Stack trace:
#0 /opt/lampp/htdocs/K24/protected/models/LoginForm.php(57): CComponent->__get('email')
#1 /opt/lampp/htdocs/yii/framework/validators/CInlineValidator.php(42): LoginForm->authenticate('password', Array)
#2 /opt/lampp/htdocs/yii/framework/validators/CValidator.php(201): CInlineValidator->validateAttribute(Object(LoginForm), 'password')
#3 /opt/lampp/htdocs/yii/framework/base/CModel.php(159): CValidator->validate(Object(LoginForm), Array)
#4 /opt/lampp/htdocs/K24/protected/controllers/SiteController.php(94): CModel->validate()
#5 /opt/lampp/htdocs/yii/framework/web/actions/CInlineAction.php(49): SiteController->actionLogin()
#6 /opt/lampp/htdocs/yii/framework/web/CController.php(308): CInlineAction->runWithParams(Array)
#7 /opt/lampp/htdocs/yii/framework/web/CController.php(286): CController->runAction(Object(CInlineAction))
#8 /opt/lampp/htdocs/yii/framework/web/CController.php(265): CController->runActionWithFilters(Object(CInlineAction), Array)
#9 /opt/lampp/htdocs/yii/framework/web/CWebApplication.php(282): CController->run('login')
#10 /opt/lampp/htdocs/yii/framework/web/CWebApplication.php(141): CWebApplication->runController('site/login')
#11 /opt/lampp/htdocs/yii/framework/base/CApplication.php(185): CWebApplication->processRequest()
#12 /opt/lampp/htdocs/K24/index.php(13): CApplication->run()
#13 {main}
REQUEST_URI=/K24/index.php?r=site/login
HTTP_REFERER=http://localhost/K24/index.php?r=site/login
---
2019/03/14 17:02:12 [error] [exception.CException] CException: Property "LoginForm.email" is not defined. in /opt/lampp/htdocs/yii/framework/base/CComponent.php:130
Stack trace:
#0 /opt/lampp/htdocs/K24/protected/models/LoginForm.php(57): CComponent->__get('email')
#1 /opt/lampp/htdocs/yii/framework/validators/CInlineValidator.php(42): LoginForm->authenticate('password', Array)
#2 /opt/lampp/htdocs/yii/framework/validators/CValidator.php(201): CInlineValidator->validateAttribute(Object(LoginForm), 'password')
#3 /opt/lampp/htdocs/yii/framework/base/CModel.php(159): CValidator->validate(Object(LoginForm), Array)
#4 /opt/lampp/htdocs/K24/protected/controllers/SiteController.php(94): CModel->validate()
#5 /opt/lampp/htdocs/yii/framework/web/actions/CInlineAction.php(49): SiteController->actionLogin()
#6 /opt/lampp/htdocs/yii/framework/web/CController.php(308): CInlineAction->runWithParams(Array)
#7 /opt/lampp/htdocs/yii/framework/web/CController.php(286): CController->runAction(Object(CInlineAction))
#8 /opt/lampp/htdocs/yii/framework/web/CController.php(265): CController->runActionWithFilters(Object(CInlineAction), Array)
#9 /opt/lampp/htdocs/yii/framework/web/CWebApplication.php(282): CController->run('login')
#10 /opt/lampp/htdocs/yii/framework/web/CWebApplication.php(141): CWebApplication->runController('site/login')
#11 /opt/lampp/htdocs/yii/framework/base/CApplication.php(185): CWebApplication->processRequest()
#12 /opt/lampp/htdocs/K24/index.php(13): CApplication->run()
#13 {main}
REQUEST_URI=/K24/index.php?r=site/login
HTTP_REFERER=http://localhost/K24/index.php?r=site/login
---
2019/03/14 17:08:29 [error] [php] include(username.php): failed to open stream: No such file or directory (/opt/lampp/htdocs/yii/framework/YiiBase.php:463)
Stack trace:
#0 unknown(0): spl_autoload_call()
#1 /opt/lampp/htdocs/yii/framework/YiiBase.php(310): class_exists()
#2 /opt/lampp/htdocs/yii/framework/validators/CValidator.php(174): import()
#3 /opt/lampp/htdocs/yii/framework/base/CModel.php(287): createValidator()
#4 /opt/lampp/htdocs/yii/framework/base/CModel.php(260): LoginForm->createValidators()
#5 /opt/lampp/htdocs/yii/framework/base/CModel.php(547): LoginForm->getValidators()
#6 /opt/lampp/htdocs/yii/framework/base/CModel.php(468): LoginForm->getSafeAttributeNames()
#7 /opt/lampp/htdocs/yii/framework/base/CComponent.php(152): LoginForm->setAttributes()
#8 /opt/lampp/htdocs/K24/protected/controllers/SiteController.php(92): LoginForm->__set()
#9 /opt/lampp/htdocs/yii/framework/web/actions/CInlineAction.php(49): SiteController->actionLogin()
#10 /opt/lampp/htdocs/yii/framework/web/CController.php(308): CInlineAction->runWithParams()
#11 /opt/lampp/htdocs/yii/framework/web/CController.php(286): SiteController->runAction()
#12 /opt/lampp/htdocs/yii/framework/web/CController.php(265): SiteController->runActionWithFilters()
#13 /opt/lampp/htdocs/yii/framework/web/CWebApplication.php(282): SiteController->run()
#14 /opt/lampp/htdocs/yii/framework/web/CWebApplication.php(141): CWebApplication->runController()
#15 /opt/lampp/htdocs/yii/framework/base/CApplication.php(185): CWebApplication->processRequest()
#16 /opt/lampp/htdocs/K24/index.php(13): CWebApplication->run()
REQUEST_URI=/K24/index.php?r=site/login
in /opt/lampp/htdocs/K24/protected/controllers/SiteController.php (92)
in /opt/lampp/htdocs/K24/index.php (13)
2019/03/14 17:09:51 [warning] [application] Failed to set unsafe attribute "rememberMe" of "LoginForm".
in /opt/lampp/htdocs/K24/protected/controllers/SiteController.php (92)
in /opt/lampp/htdocs/K24/index.php (13)
2019/03/14 17:10:43 [warning] [application] Failed to set unsafe attribute "rememberMe" of "LoginForm".
in /opt/lampp/htdocs/K24/protected/controllers/SiteController.php (92)
in /opt/lampp/htdocs/K24/index.php (13)
2019/03/14 17:11:13 [warning] [application] Failed to set unsafe attribute "rememberMe" of "LoginForm".
in /opt/lampp/htdocs/K24/protected/controllers/SiteController.php (92)
in /opt/lampp/htdocs/K24/index.php (13)
2019/03/14 17:11:16 [warning] [application] Failed to set unsafe attribute "rememberMe" of "LoginForm".
in /opt/lampp/htdocs/K24/protected/controllers/SiteController.php (92)
in /opt/lampp/htdocs/K24/index.php (13)
2019/03/14 17:20:04 [error] [exception.CException] CException: Property "CDbCriteria.username" is not defined. in /opt/lampp/htdocs/yii/framework/base/CComponent.php:173
Stack trace:
#0 /opt/lampp/htdocs/yii/framework/db/schema/CDbCriteria.php(160): CComponent->__set('username', 'username = 0')
#1 /opt/lampp/htdocs/yii/framework/db/schema/CDbCommandBuilder.php(588): CDbCriteria->__construct(Array)
#2 /opt/lampp/htdocs/yii/framework/db/ar/CActiveRecord.php(1463): CDbCommandBuilder->createCriteria(Array, Array)
#3 /opt/lampp/htdocs/K24/protected/components/UserIdentity.php(27): CActiveRecord->find(Array)
#4 /opt/lampp/htdocs/K24/protected/models/LoginForm.php(54): UserIdentity->authenticate()
#5 /opt/lampp/htdocs/yii/framework/validators/CInlineValidator.php(42): LoginForm->authenticate('password', Array)
#6 /opt/lampp/htdocs/yii/framework/validators/CValidator.php(201): CInlineValidator->validateAttribute(Object(LoginForm), 'password')
#7 /opt/lampp/htdocs/yii/framework/base/CModel.php(159): CValidator->validate(Object(LoginForm), Array)
#8 /opt/lampp/htdocs/K24/protected/controllers/SiteController.php(94): CModel->validate()
#9 /opt/lampp/htdocs/yii/framework/web/actions/CInlineAction.php(49): SiteController->actionLogin()
#10 /opt/lampp/htdocs/yii/framework/web/CController.php(308): CInlineAction->runWithParams(Array)
#11 /opt/lampp/htdocs/yii/framework/web/CController.php(286): CController->runAction(Object(CInlineAction))
#12 /opt/lampp/htdocs/yii/framework/web/CController.php(265): CController->runActionWithFilters(Object(CInlineAction), Array)
#13 /opt/lampp/htdocs/yii/framework/web/CWebApplication.php(282): CController->run('login')
#14 /opt/lampp/htdocs/yii/framework/web/CWebApplication.php(141): CWebApplication->runController('site/login')
#15 /opt/lampp/htdocs/yii/framework/base/CApplication.php(185): CWebApplication->processRequest()
#16 /opt/lampp/htdocs/K24/index.php(13): CApplication->run()
#17 {main}
REQUEST_URI=/K24/index.php?r=site/login
HTTP_REFERER=http://localhost/K24/index.php?r=site/login
---
2019/03/14 17:23:12 [error] [exception.CException] CException: Property "CDbCriteria.username" is not defined. in /opt/lampp/htdocs/yii/framework/base/CComponent.php:173
Stack trace:
#0 /opt/lampp/htdocs/yii/framework/db/schema/CDbCriteria.php(160): CComponent->__set('username', 'username = 'kik...')
#1 /opt/lampp/htdocs/yii/framework/db/schema/CDbCommandBuilder.php(588): CDbCriteria->__construct(Array)
#2 /opt/lampp/htdocs/yii/framework/db/ar/CActiveRecord.php(1463): CDbCommandBuilder->createCriteria(Array, Array)
#3 /opt/lampp/htdocs/K24/protected/components/UserIdentity.php(27): CActiveRecord->find(Array)
#4 /opt/lampp/htdocs/K24/protected/models/LoginForm.php(54): UserIdentity->authenticate()
#5 /opt/lampp/htdocs/yii/framework/validators/CInlineValidator.php(42): LoginForm->authenticate('password', Array)
#6 /opt/lampp/htdocs/yii/framework/validators/CValidator.php(201): CInlineValidator->validateAttribute(Object(LoginForm), 'password')
#7 /opt/lampp/htdocs/yii/framework/base/CModel.php(159): CValidator->validate(Object(LoginForm), Array)
#8 /opt/lampp/htdocs/K24/protected/controllers/SiteController.php(94): CModel->validate()
#9 /opt/lampp/htdocs/yii/framework/web/actions/CInlineAction.php(49): SiteController->actionLogin()
#10 /opt/lampp/htdocs/yii/framework/web/CController.php(308): CInlineAction->runWithParams(Array)
#11 /opt/lampp/htdocs/yii/framework/web/CController.php(286): CController->runAction(Object(CInlineAction))
#12 /opt/lampp/htdocs/yii/framework/web/CController.php(265): CController->runActionWithFilters(Object(CInlineAction), Array)
#13 /opt/lampp/htdocs/yii/framework/web/CWebApplication.php(282): CController->run('login')
#14 /opt/lampp/htdocs/yii/framework/web/CWebApplication.php(141): CWebApplication->runController('site/login')
#15 /opt/lampp/htdocs/yii/framework/base/CApplication.php(185): CWebApplication->processRequest()
#16 /opt/lampp/htdocs/K24/index.php(13): CApplication->run()
#17 {main}
REQUEST_URI=/K24/index.php?r=site/login
HTTP_REFERER=http://localhost/K24/index.php?r=site/login
---
2019/03/14 17:27:54 [error] [exception.CException] CException: Property "CDbCriteria.username" is not defined. in /opt/lampp/htdocs/yii/framework/base/CComponent.php:173
Stack trace:
#0 /opt/lampp/htdocs/yii/framework/db/schema/CDbCriteria.php(160): CComponent->__set('username', 'username = 'kik...')
#1 /opt/lampp/htdocs/yii/framework/db/schema/CDbCommandBuilder.php(588): CDbCriteria->__construct(Array)
#2 /opt/lampp/htdocs/yii/framework/db/ar/CActiveRecord.php(1463): CDbCommandBuilder->createCriteria(Array, Array)
#3 /opt/lampp/htdocs/K24/protected/components/UserIdentity.php(27): CActiveRecord->find(Array)
#4 /opt/lampp/htdocs/K24/protected/models/LoginForm.php(54): UserIdentity->authenticate()
#5 /opt/lampp/htdocs/yii/framework/validators/CInlineValidator.php(42): LoginForm->authenticate('password', Array)
#6 /opt/lampp/htdocs/yii/framework/validators/CValidator.php(201): CInlineValidator->validateAttribute(Object(LoginForm), 'password')
#7 /opt/lampp/htdocs/yii/framework/base/CModel.php(159): CValidator->validate(Object(LoginForm), Array)
#8 /opt/lampp/htdocs/K24/protected/controllers/SiteController.php(94): CModel->validate()
#9 /opt/lampp/htdocs/yii/framework/web/actions/CInlineAction.php(49): SiteController->actionLogin()
#10 /opt/lampp/htdocs/yii/framework/web/CController.php(308): CInlineAction->runWithParams(Array)
#11 /opt/lampp/htdocs/yii/framework/web/CController.php(286): CController->runAction(Object(CInlineAction))
#12 /opt/lampp/htdocs/yii/framework/web/CController.php(265): CController->runActionWithFilters(Object(CInlineAction), Array)
#13 /opt/lampp/htdocs/yii/framework/web/CWebApplication.php(282): CController->run('login')
#14 /opt/lampp/htdocs/yii/framework/web/CWebApplication.php(141): CWebApplication->runController('site/login')
#15 /opt/lampp/htdocs/yii/framework/base/CApplication.php(185): CWebApplication->processRequest()
#16 /opt/lampp/htdocs/K24/index.php(13): CApplication->run()
#17 {main}
REQUEST_URI=/K24/index.php?r=site/login
HTTP_REFERER=http://localhost/K24/index.php?r=site/login
---
2019/03/14 17:39:31 [error] [php] Trying to get property 'password' of non-object (/opt/lampp/htdocs/K24/protected/components/UserIdentity.php:36)
Stack trace:
#0 /opt/lampp/htdocs/yii/framework/validators/CValidator.php(201): CInlineValidator->validateAttribute()
#1 /opt/lampp/htdocs/yii/framework/base/CModel.php(159): CInlineValidator->validate()
#2 /opt/lampp/htdocs/K24/protected/controllers/SiteController.php(94): LoginForm->validate()
#3 /opt/lampp/htdocs/yii/framework/web/actions/CInlineAction.php(49): SiteController->actionLogin()
#4 /opt/lampp/htdocs/yii/framework/web/CController.php(308): CInlineAction->runWithParams()
#5 /opt/lampp/htdocs/yii/framework/web/CController.php(286): SiteController->runAction()
#6 /opt/lampp/htdocs/yii/framework/web/CController.php(265): SiteController->runActionWithFilters()
#7 /opt/lampp/htdocs/yii/framework/web/CWebApplication.php(282): SiteController->run()
#8 /opt/lampp/htdocs/yii/framework/web/CWebApplication.php(141): CWebApplication->runController()
#9 /opt/lampp/htdocs/yii/framework/base/CApplication.php(185): CWebApplication->processRequest()
#10 /opt/lampp/htdocs/K24/index.php(13): CWebApplication->run()
REQUEST_URI=/K24/index.php?r=site/login
in /opt/lampp/htdocs/K24/protected/components/UserIdentity.php (36)
in /opt/lampp/htdocs/K24/protected/models/LoginForm.php (54)
in /opt/lampp/htdocs/K24/protected/controllers/SiteController.php (94)
2019/03/14 17:40:23 [error] [php] Trying to get property 'password' of non-object (/opt/lampp/htdocs/K24/protected/components/UserIdentity.php:36)
Stack trace:
#0 /opt/lampp/htdocs/yii/framework/validators/CValidator.php(201): CInlineValidator->validateAttribute()
#1 /opt/lampp/htdocs/yii/framework/base/CModel.php(159): CInlineValidator->validate()
#2 /opt/lampp/htdocs/K24/protected/controllers/SiteController.php(94): LoginForm->validate()
#3 /opt/lampp/htdocs/yii/framework/web/actions/CInlineAction.php(49): SiteController->actionLogin()
#4 /opt/lampp/htdocs/yii/framework/web/CController.php(308): CInlineAction->runWithParams()
#5 /opt/lampp/htdocs/yii/framework/web/CController.php(286): SiteController->runAction()
#6 /opt/lampp/htdocs/yii/framework/web/CController.php(265): SiteController->runActionWithFilters()
#7 /opt/lampp/htdocs/yii/framework/web/CWebApplication.php(282): SiteController->run()
#8 /opt/lampp/htdocs/yii/framework/web/CWebApplication.php(141): CWebApplication->runController()
#9 /opt/lampp/htdocs/yii/framework/base/CApplication.php(185): CWebApplication->processRequest()
#10 /opt/lampp/htdocs/K24/index.php(13): CWebApplication->run()
REQUEST_URI=/K24/index.php?r=site/login
in /opt/lampp/htdocs/K24/protected/components/UserIdentity.php (36)
in /opt/lampp/htdocs/K24/protected/models/LoginForm.php (54)
in /opt/lampp/htdocs/K24/protected/controllers/SiteController.php (94)
2019/03/14 17:41:08 [error] [php] Trying to get property 'password' of non-object (/opt/lampp/htdocs/K24/protected/components/UserIdentity.php:36)
Stack trace:
#0 /opt/lampp/htdocs/yii/framework/validators/CValidator.php(201): CInlineValidator->validateAttribute()
#1 /opt/lampp/htdocs/yii/framework/base/CModel.php(159): CInlineValidator->validate()
#2 /opt/lampp/htdocs/K24/protected/controllers/SiteController.php(94): LoginForm->validate()
#3 /opt/lampp/htdocs/yii/framework/web/actions/CInlineAction.php(49): SiteController->actionLogin()
#4 /opt/lampp/htdocs/yii/framework/web/CController.php(308): CInlineAction->runWithParams()
#5 /opt/lampp/htdocs/yii/framework/web/CController.php(286): SiteController->runAction()
#6 /opt/lampp/htdocs/yii/framework/web/CController.php(265): SiteController->runActionWithFilters()
#7 /opt/lampp/htdocs/yii/framework/web/CWebApplication.php(282): SiteController->run()
#8 /opt/lampp/htdocs/yii/framework/web/CWebApplication.php(141): CWebApplication->runController()
#9 /opt/lampp/htdocs/yii/framework/base/CApplication.php(185): CWebApplication->processRequest()
#10 /opt/lampp/htdocs/K24/index.php(13): CWebApplication->run()
REQUEST_URI=/K24/index.php?r=site/login
in /opt/lampp/htdocs/K24/protected/components/UserIdentity.php (36)
in /opt/lampp/htdocs/K24/protected/models/LoginForm.php (54)
in /opt/lampp/htdocs/K24/protected/controllers/SiteController.php (94)
2019/03/14 18:03:20 [error] [exception.CException] CException: SiteController has an extra endWidget() call in its view. in /opt/lampp/htdocs/yii/framework/web/CBaseController.php:219
Stack trace:
#0 /opt/lampp/htdocs/K24/themes/shadow_dancer/views/site/index.php(83): CBaseController->endWidget()
#1 /opt/lampp/htdocs/yii/framework/web/CBaseController.php(126): require('/opt/lampp/htdo...')
#2 /opt/lampp/htdocs/yii/framework/web/CBaseController.php(95): CBaseController->renderInternal('/opt/lampp/htdo...', NULL, true)
#3 /opt/lampp/htdocs/yii/framework/web/CController.php(872): CBaseController->renderFile('/opt/lampp/htdo...', NULL, true)
#4 /opt/lampp/htdocs/yii/framework/web/CController.php(785): CController->renderPartial('index', NULL, true)
#5 /opt/lampp/htdocs/K24/protected/controllers/SiteController.php(32): CController->render('index')
#6 /opt/lampp/htdocs/yii/framework/web/actions/CInlineAction.php(49): SiteController->actionIndex()
#7 /opt/lampp/htdocs/yii/framework/web/CController.php(308): CInlineAction->runWithParams(Array)
#8 /opt/lampp/htdocs/yii/framework/web/CController.php(286): CController->runAction(Object(CInlineAction))
#9 /opt/lampp/htdocs/yii/framework/web/CController.php(265): CController->runActionWithFilters(Object(CInlineAction), Array)
#10 /opt/lampp/htdocs/yii/framework/web/CWebApplication.php(282): CController->run('index')
#11 /opt/lampp/htdocs/yii/framework/web/CWebApplication.php(141): CWebApplication->runController('site/index')
#12 /opt/lampp/htdocs/yii/framework/base/CApplication.php(185): CWebApplication->processRequest()
#13 /opt/lampp/htdocs/K24/index.php(13): CApplication->run()
#14 {main}
REQUEST_URI=/K24/index.php?r=site/index
HTTP_REFERER=http://localhost/K24/index.php
---
2019/03/14 18:05:58 [error] [exception.CHttpException.403] CHttpException: You are not authorized to perform this action. in /opt/lampp/htdocs/yii/framework/web/auth/CAccessControlFilter.php:183
Stack trace:
#0 /opt/lampp/htdocs/yii/framework/web/auth/CAccessControlFilter.php(145): CAccessControlFilter->accessDenied(Object(CWebUser), 'You are not aut...')
#1 /opt/lampp/htdocs/yii/framework/web/filters/CFilter.php(38): CAccessControlFilter->preFilter(Object(CFilterChain))
#2 /opt/lampp/htdocs/yii/framework/web/CController.php(1148): CFilter->filter(Object(CFilterChain))
#3 /opt/lampp/htdocs/yii/framework/web/filters/CInlineFilter.php(58): CController->filterAccessControl(Object(CFilterChain))
#4 /opt/lampp/htdocs/yii/framework/web/filters/CFilterChain.php(131): CInlineFilter->filter(Object(CFilterChain))
#5 /opt/lampp/htdocs/yii/framework/web/CController.php(291): CFilterChain->run()
#6 /opt/lampp/htdocs/yii/framework/web/CController.php(265): CController->runActionWithFilters(Object(CInlineAction), Array)
#7 /opt/lampp/htdocs/yii/framework/web/CWebApplication.php(282): CController->run('admin')
#8 /opt/lampp/htdocs/yii/framework/web/CWebApplication.php(141): CWebApplication->runController('user/admin')
#9 /opt/lampp/htdocs/yii/framework/base/CApplication.php(185): CWebApplication->processRequest()
#10 /opt/lampp/htdocs/K24/index.php(13): CApplication->run()
#11 {main}
REQUEST_URI=/K24/index.php?r=user/admin
HTTP_REFERER=http://localhost/K24/index.php?r=user/index
---
2019/03/14 18:07:35 [error] [exception.CHttpException.403] CHttpException: You are not authorized to perform this action. in /opt/lampp/htdocs/yii/framework/web/auth/CAccessControlFilter.php:183
Stack trace:
#0 /opt/lampp/htdocs/yii/framework/web/auth/CAccessControlFilter.php(145): CAccessControlFilter->accessDenied(Object(CWebUser), 'You are not aut...')
#1 /opt/lampp/htdocs/yii/framework/web/filters/CFilter.php(38): CAccessControlFilter->preFilter(Object(CFilterChain))
#2 /opt/lampp/htdocs/yii/framework/web/CController.php(1148): CFilter->filter(Object(CFilterChain))
#3 /opt/lampp/htdocs/yii/framework/web/filters/CInlineFilter.php(58): CController->filterAccessControl(Object(CFilterChain))
#4 /opt/lampp/htdocs/yii/framework/web/filters/CFilterChain.php(131): CInlineFilter->filter(Object(CFilterChain))
#5 /opt/lampp/htdocs/yii/framework/web/CController.php(291): CFilterChain->run()
#6 /opt/lampp/htdocs/yii/framework/web/CController.php(265): CController->runActionWithFilters(Object(CInlineAction), Array)
#7 /opt/lampp/htdocs/yii/framework/web/CWebApplication.php(282): CController->run('admin')
#8 /opt/lampp/htdocs/yii/framework/web/CWebApplication.php(141): CWebApplication->runController('member/admin')
#9 /opt/lampp/htdocs/yii/framework/base/CApplication.php(185): CWebApplication->processRequest()
#10 /opt/lampp/htdocs/K24/index.php(13): CApplication->run()
#11 {main}
REQUEST_URI=/K24/index.php?r=member/admin
HTTP_REFERER=http://localhost/K24/index.php?r=member/index
---
2019/03/14 18:08:56 [error] [exception.CHttpException.403] CHttpException: You are not authorized to perform this action. in /opt/lampp/htdocs/yii/framework/web/auth/CAccessControlFilter.php:183
Stack trace:
#0 /opt/lampp/htdocs/yii/framework/web/auth/CAccessControlFilter.php(145): CAccessControlFilter->accessDenied(Object(CWebUser), 'You are not aut...')
#1 /opt/lampp/htdocs/yii/framework/web/filters/CFilter.php(38): CAccessControlFilter->preFilter(Object(CFilterChain))
#2 /opt/lampp/htdocs/yii/framework/web/CController.php(1148): CFilter->filter(Object(CFilterChain))
#3 /opt/lampp/htdocs/yii/framework/web/filters/CInlineFilter.php(58): CController->filterAccessControl(Object(CFilterChain))
#4 /opt/lampp/htdocs/yii/framework/web/filters/CFilterChain.php(131): CInlineFilter->filter(Object(CFilterChain))
#5 /opt/lampp/htdocs/yii/framework/web/CController.php(291): CFilterChain->run()
#6 /opt/lampp/htdocs/yii/framework/web/CController.php(265): CController->runActionWithFilters(Object(CInlineAction), Array)
#7 /opt/lampp/htdocs/yii/framework/web/CWebApplication.php(282): CController->run('admin')
#8 /opt/lampp/htdocs/yii/framework/web/CWebApplication.php(141): CWebApplication->runController('user/admin')
#9 /opt/lampp/htdocs/yii/framework/base/CApplication.php(185): CWebApplication->processRequest()
#10 /opt/lampp/htdocs/K24/index.php(13): CApplication->run()
#11 {main}
REQUEST_URI=/K24/index.php?r=user/admin
HTTP_REFERER=http://localhost/K24/index.php?r=user/view&id=3
---
2019/03/14 18:13:15 [error] [exception.CHttpException.403] CHttpException: You are not authorized to perform this action. in /opt/lampp/htdocs/yii/framework/web/auth/CAccessControlFilter.php:183
Stack trace:
#0 /opt/lampp/htdocs/yii/framework/web/auth/CAccessControlFilter.php(145): CAccessControlFilter->accessDenied(Object(CWebUser), 'You are not aut...')
#1 /opt/lampp/htdocs/yii/framework/web/filters/CFilter.php(38): CAccessControlFilter->preFilter(Object(CFilterChain))
#2 /opt/lampp/htdocs/yii/framework/web/CController.php(1148): CFilter->filter(Object(CFilterChain))
#3 /opt/lampp/htdocs/yii/framework/web/filters/CInlineFilter.php(58): CController->filterAccessControl(Object(CFilterChain))
#4 /opt/lampp/htdocs/yii/framework/web/filters/CFilterChain.php(131): CInlineFilter->filter(Object(CFilterChain))
#5 /opt/lampp/htdocs/yii/framework/web/CController.php(291): CFilterChain->run()
#6 /opt/lampp/htdocs/yii/framework/web/CController.php(265): CController->runActionWithFilters(Object(CInlineAction), Array)
#7 /opt/lampp/htdocs/yii/framework/web/CWebApplication.php(282): CController->run('admin')
#8 /opt/lampp/htdocs/yii/framework/web/CWebApplication.php(141): CWebApplication->runController('user/admin')
#9 /opt/lampp/htdocs/yii/framework/base/CApplication.php(185): CWebApplication->processRequest()
#10 /opt/lampp/htdocs/K24/index.php(13): CApplication->run()
#11 {main}
REQUEST_URI=/K24/index.php?r=user/admin
HTTP_REFERER=http://localhost/K24/index.php?r=user/view&id=3
---
2019/03/14 18:13:31 [error] [exception.CHttpException.403] CHttpException: You are not authorized to perform this action. in /opt/lampp/htdocs/yii/framework/web/auth/CAccessControlFilter.php:183
Stack trace:
#0 /opt/lampp/htdocs/yii/framework/web/auth/CAccessControlFilter.php(145): CAccessControlFilter->accessDenied(Object(CWebUser), 'You are not aut...')
#1 /opt/lampp/htdocs/yii/framework/web/filters/CFilter.php(38): CAccessControlFilter->preFilter(Object(CFilterChain))
#2 /opt/lampp/htdocs/yii/framework/web/CController.php(1148): CFilter->filter(Object(CFilterChain))
#3 /opt/lampp/htdocs/yii/framework/web/filters/CInlineFilter.php(58): CController->filterAccessControl(Object(CFilterChain))
#4 /opt/lampp/htdocs/yii/framework/web/filters/CFilterChain.php(131): CInlineFilter->filter(Object(CFilterChain))
#5 /opt/lampp/htdocs/yii/framework/web/CController.php(291): CFilterChain->run()
#6 /opt/lampp/htdocs/yii/framework/web/CController.php(265): CController->runActionWithFilters(Object(CInlineAction), Array)
#7 /opt/lampp/htdocs/yii/framework/web/CWebApplication.php(282): CController->run('admin')
#8 /opt/lampp/htdocs/yii/framework/web/CWebApplication.php(141): CWebApplication->runController('user/admin')
#9 /opt/lampp/htdocs/yii/framework/base/CApplication.php(185): CWebApplication->processRequest()
#10 /opt/lampp/htdocs/K24/index.php(13): CApplication->run()
#11 {main}
REQUEST_URI=/K24/index.php?r=user/admin
HTTP_REFERER=http://localhost/K24/index.php?r=user/index
---
2019/03/14 18:13:34 [error] [exception.CHttpException.403] CHttpException: You are not authorized to perform this action. in /opt/lampp/htdocs/yii/framework/web/auth/CAccessControlFilter.php:183
Stack trace:
#0 /opt/lampp/htdocs/yii/framework/web/auth/CAccessControlFilter.php(145): CAccessControlFilter->accessDenied(Object(CWebUser), 'You are not aut...')
#1 /opt/lampp/htdocs/yii/framework/web/filters/CFilter.php(38): CAccessControlFilter->preFilter(Object(CFilterChain))
#2 /opt/lampp/htdocs/yii/framework/web/CController.php(1148): CFilter->filter(Object(CFilterChain))
#3 /opt/lampp/htdocs/yii/framework/web/filters/CInlineFilter.php(58): CController->filterAccessControl(Object(CFilterChain))
#4 /opt/lampp/htdocs/yii/framework/web/filters/CFilterChain.php(131): CInlineFilter->filter(Object(CFilterChain))
#5 /opt/lampp/htdocs/yii/framework/web/CController.php(291): CFilterChain->run()
#6 /opt/lampp/htdocs/yii/framework/web/CController.php(265): CController->runActionWithFilters(Object(CInlineAction), Array)
#7 /opt/lampp/htdocs/yii/framework/web/CWebApplication.php(282): CController->run('admin')
#8 /opt/lampp/htdocs/yii/framework/web/CWebApplication.php(141): CWebApplication->runController('user/admin')
#9 /opt/lampp/htdocs/yii/framework/base/CApplication.php(185): CWebApplication->processRequest()
#10 /opt/lampp/htdocs/K24/index.php(13): CApplication->run()
#11 {main}
REQUEST_URI=/K24/index.php?r=user/admin
HTTP_REFERER=http://localhost/K24/index.php?r=user/index
---
2019/03/14 18:14:16 [error] [exception.CHttpException.403] CHttpException: You are not authorized to perform this action. in /opt/lampp/htdocs/yii/framework/web/auth/CAccessControlFilter.php:183
Stack trace:
#0 /opt/lampp/htdocs/yii/framework/web/auth/CAccessControlFilter.php(145): CAccessControlFilter->accessDenied(Object(CWebUser), 'You are not aut...')
#1 /opt/lampp/htdocs/yii/framework/web/filters/CFilter.php(38): CAccessControlFilter->preFilter(Object(CFilterChain))
#2 /opt/lampp/htdocs/yii/framework/web/CController.php(1148): CFilter->filter(Object(CFilterChain))
#3 /opt/lampp/htdocs/yii/framework/web/filters/CInlineFilter.php(58): CController->filterAccessControl(Object(CFilterChain))
#4 /opt/lampp/htdocs/yii/framework/web/filters/CFilterChain.php(131): CInlineFilter->filter(Object(CFilterChain))
#5 /opt/lampp/htdocs/yii/framework/web/CController.php(291): CFilterChain->run()
#6 /opt/lampp/htdocs/yii/framework/web/CController.php(265): CController->runActionWithFilters(Object(CInlineAction), Array)
#7 /opt/lampp/htdocs/yii/framework/web/CWebApplication.php(282): CController->run('admin')
#8 /opt/lampp/htdocs/yii/framework/web/CWebApplication.php(141): CWebApplication->runController('user/admin')
#9 /opt/lampp/htdocs/yii/framework/base/CApplication.php(185): CWebApplication->processRequest()
#10 /opt/lampp/htdocs/K24/index.php(13): CApplication->run()
#11 {main}
REQUEST_URI=/K24/index.php?r=user/admin
HTTP_REFERER=http://localhost/K24/index.php?r=user/index
---
